

Started GET "/" for 127.0.0.1 at 2015-02-23 22:10:13 +0000

Mysql2::Error (Can't connect to local MySQL server through socket '/var/run/mysqld/mysqld.sock' (2)):
  mysql2 (0.3.17) lib/mysql2/client.rb:70:in `connect'
  mysql2 (0.3.17) lib/mysql2/client.rb:70:in `initialize'
  activerecord (4.1.8) lib/active_record/connection_adapters/mysql2_adapter.rb:18:in `new'
  activerecord (4.1.8) lib/active_record/connection_adapters/mysql2_adapter.rb:18:in `mysql2_connection'
  activerecord (4.1.8) lib/active_record/connection_adapters/abstract/connection_pool.rb:435:in `new_connection'
  activerecord (4.1.8) lib/active_record/connection_adapters/abstract/connection_pool.rb:445:in `checkout_new_connection'
  activerecord (4.1.8) lib/active_record/connection_adapters/abstract/connection_pool.rb:416:in `acquire_connection'
  activerecord (4.1.8) lib/active_record/connection_adapters/abstract/connection_pool.rb:351:in `block in checkout'
  /home/andrewrennie/.rvm/rubies/ruby-2.1.5/lib/ruby/2.1.0/monitor.rb:211:in `mon_synchronize'
  activerecord (4.1.8) lib/active_record/connection_adapters/abstract/connection_pool.rb:350:in `checkout'
  activerecord (4.1.8) lib/active_record/connection_adapters/abstract/connection_pool.rb:265:in `block in connection'
  /home/andrewrennie/.rvm/rubies/ruby-2.1.5/lib/ruby/2.1.0/monitor.rb:211:in `mon_synchronize'
  activerecord (4.1.8) lib/active_record/connection_adapters/abstract/connection_pool.rb:264:in `connection'
  activerecord (4.1.8) lib/active_record/connection_adapters/abstract/connection_pool.rb:541:in `retrieve_connection'
  activerecord (4.1.8) lib/active_record/connection_handling.rb:113:in `retrieve_connection'
  activerecord (4.1.8) lib/active_record/connection_handling.rb:87:in `connection'
  activerecord (4.1.8) lib/active_record/migration.rb:388:in `check_pending!'
  activerecord (4.1.8) lib/active_record/migration.rb:377:in `call'
  actionpack (4.1.8) lib/action_dispatch/middleware/callbacks.rb:29:in `block in call'
  activesupport (4.1.8) lib/active_support/callbacks.rb:82:in `run_callbacks'
  actionpack (4.1.8) lib/action_dispatch/middleware/callbacks.rb:27:in `call'
  actionpack (4.1.8) lib/action_dispatch/middleware/reloader.rb:73:in `call'
  actionpack (4.1.8) lib/action_dispatch/middleware/remote_ip.rb:76:in `call'
  web-console (2.0.0) lib/action_dispatch/debug_exceptions.rb:18:in `middleware_call'
  web-console (2.0.0) lib/action_dispatch/debug_exceptions.rb:13:in `call'
  actionpack (4.1.8) lib/action_dispatch/middleware/show_exceptions.rb:30:in `call'
  railties (4.1.8) lib/rails/rack/logger.rb:38:in `call_app'
  railties (4.1.8) lib/rails/rack/logger.rb:20:in `block in call'
  activesupport (4.1.8) lib/active_support/tagged_logging.rb:68:in `block in tagged'
  activesupport (4.1.8) lib/active_support/tagged_logging.rb:26:in `tagged'
  activesupport (4.1.8) lib/active_support/tagged_logging.rb:68:in `tagged'
  railties (4.1.8) lib/rails/rack/logger.rb:20:in `call'
  actionpack (4.1.8) lib/action_dispatch/middleware/request_id.rb:21:in `call'
  rack (1.5.2) lib/rack/methodoverride.rb:21:in `call'
  rack (1.5.2) lib/rack/runtime.rb:17:in `call'
  activesupport (4.1.8) lib/active_support/cache/strategy/local_cache_middleware.rb:26:in `call'
  rack (1.5.2) lib/rack/lock.rb:17:in `call'
  actionpack (4.1.8) lib/action_dispatch/middleware/static.rb:84:in `call'
  rack (1.5.2) lib/rack/sendfile.rb:112:in `call'
  railties (4.1.8) lib/rails/engine.rb:514:in `call'
  railties (4.1.8) lib/rails/application.rb:144:in `call'
  rack (1.5.2) lib/rack/content_length.rb:14:in `call'
  puma (2.11.0) lib/puma/server.rb:507:in `handle_request'
  puma (2.11.0) lib/puma/server.rb:375:in `process_client'
  puma (2.11.0) lib/puma/server.rb:262:in `block in run'
  puma (2.11.0) lib/puma/thread_pool.rb:104:in `call'
  puma (2.11.0) lib/puma/thread_pool.rb:104:in `block in spawn_thread'


  Rendered /home/andrewrennie/.rvm/gems/ruby-2.1.5/gems/web-console-2.0.0/lib/action_dispatch/templates/rescues/_source.erb (21.7ms)
  Rendered /home/andrewrennie/.rvm/gems/ruby-2.1.5/gems/web-console-2.0.0/lib/action_dispatch/templates/rescues/_trace.html.erb (9.7ms)
  Rendered /home/andrewrennie/.rvm/gems/ruby-2.1.5/gems/web-console-2.0.0/lib/action_dispatch/templates/rescues/_request_and_response.html.erb (3.4ms)
  Rendered /home/andrewrennie/.rvm/gems/ruby-2.1.5/gems/web-console-2.0.0/lib/action_dispatch/templates/rescues/_web_console.html.erb (3.9ms)
  Rendered /home/andrewrennie/.rvm/gems/ruby-2.1.5/gems/web-console-2.0.0/lib/action_dispatch/templates/rescues/diagnostics.html.erb within rescues/layout (99.2ms)


Started GET "/" for 127.0.0.1 at 2015-02-23 22:14:03 +0000

ActiveRecord::NoDatabaseError (Unknown database 'jarvis_development'Run `$ bin/rake db:create db:migrate` to create your database):
  activerecord (4.1.8) lib/active_record/connection_adapters/mysql2_adapter.rb:23:in `rescue in mysql2_connection'
  activerecord (4.1.8) lib/active_record/connection_adapters/mysql2_adapter.rb:10:in `mysql2_connection'
  activerecord (4.1.8) lib/active_record/connection_adapters/abstract/connection_pool.rb:435:in `new_connection'
  activerecord (4.1.8) lib/active_record/connection_adapters/abstract/connection_pool.rb:445:in `checkout_new_connection'
  activerecord (4.1.8) lib/active_record/connection_adapters/abstract/connection_pool.rb:416:in `acquire_connection'
  activerecord (4.1.8) lib/active_record/connection_adapters/abstract/connection_pool.rb:351:in `block in checkout'
  /home/andrewrennie/.rvm/rubies/ruby-2.1.5/lib/ruby/2.1.0/monitor.rb:211:in `mon_synchronize'
  activerecord (4.1.8) lib/active_record/connection_adapters/abstract/connection_pool.rb:350:in `checkout'
  activerecord (4.1.8) lib/active_record/connection_adapters/abstract/connection_pool.rb:265:in `block in connection'
  /home/andrewrennie/.rvm/rubies/ruby-2.1.5/lib/ruby/2.1.0/monitor.rb:211:in `mon_synchronize'
  activerecord (4.1.8) lib/active_record/connection_adapters/abstract/connection_pool.rb:264:in `connection'
  activerecord (4.1.8) lib/active_record/connection_adapters/abstract/connection_pool.rb:541:in `retrieve_connection'
  activerecord (4.1.8) lib/active_record/connection_handling.rb:113:in `retrieve_connection'
  activerecord (4.1.8) lib/active_record/connection_handling.rb:87:in `connection'
  activerecord (4.1.8) lib/active_record/migration.rb:388:in `check_pending!'
  activerecord (4.1.8) lib/active_record/migration.rb:377:in `call'
  actionpack (4.1.8) lib/action_dispatch/middleware/callbacks.rb:29:in `block in call'
  activesupport (4.1.8) lib/active_support/callbacks.rb:82:in `run_callbacks'
  actionpack (4.1.8) lib/action_dispatch/middleware/callbacks.rb:27:in `call'
  actionpack (4.1.8) lib/action_dispatch/middleware/reloader.rb:73:in `call'
  actionpack (4.1.8) lib/action_dispatch/middleware/remote_ip.rb:76:in `call'
  web-console (2.0.0) lib/action_dispatch/debug_exceptions.rb:18:in `middleware_call'
  web-console (2.0.0) lib/action_dispatch/debug_exceptions.rb:13:in `call'
  actionpack (4.1.8) lib/action_dispatch/middleware/show_exceptions.rb:30:in `call'
  railties (4.1.8) lib/rails/rack/logger.rb:38:in `call_app'
  railties (4.1.8) lib/rails/rack/logger.rb:20:in `block in call'
  activesupport (4.1.8) lib/active_support/tagged_logging.rb:68:in `block in tagged'
  activesupport (4.1.8) lib/active_support/tagged_logging.rb:26:in `tagged'
  activesupport (4.1.8) lib/active_support/tagged_logging.rb:68:in `tagged'
  railties (4.1.8) lib/rails/rack/logger.rb:20:in `call'
  actionpack (4.1.8) lib/action_dispatch/middleware/request_id.rb:21:in `call'
  rack (1.5.2) lib/rack/methodoverride.rb:21:in `call'
  rack (1.5.2) lib/rack/runtime.rb:17:in `call'
  activesupport (4.1.8) lib/active_support/cache/strategy/local_cache_middleware.rb:26:in `call'
  rack (1.5.2) lib/rack/lock.rb:17:in `call'
  actionpack (4.1.8) lib/action_dispatch/middleware/static.rb:84:in `call'
  rack (1.5.2) lib/rack/sendfile.rb:112:in `call'
  railties (4.1.8) lib/rails/engine.rb:514:in `call'
  railties (4.1.8) lib/rails/application.rb:144:in `call'
  rack (1.5.2) lib/rack/content_length.rb:14:in `call'
  puma (2.11.0) lib/puma/server.rb:507:in `handle_request'
  puma (2.11.0) lib/puma/server.rb:375:in `process_client'
  puma (2.11.0) lib/puma/server.rb:262:in `block in run'
  puma (2.11.0) lib/puma/thread_pool.rb:104:in `call'
  puma (2.11.0) lib/puma/thread_pool.rb:104:in `block in spawn_thread'


  Rendered /home/andrewrennie/.rvm/gems/ruby-2.1.5/gems/web-console-2.0.0/lib/action_dispatch/templates/rescues/_source.erb (21.4ms)
  Rendered /home/andrewrennie/.rvm/gems/ruby-2.1.5/gems/web-console-2.0.0/lib/action_dispatch/templates/rescues/_trace.html.erb (9.3ms)
  Rendered /home/andrewrennie/.rvm/gems/ruby-2.1.5/gems/web-console-2.0.0/lib/action_dispatch/templates/rescues/_request_and_response.html.erb (3.5ms)
  Rendered /home/andrewrennie/.rvm/gems/ruby-2.1.5/gems/web-console-2.0.0/lib/action_dispatch/templates/rescues/_web_console.html.erb (3.8ms)
  Rendered /home/andrewrennie/.rvm/gems/ruby-2.1.5/gems/web-console-2.0.0/lib/action_dispatch/templates/rescues/diagnostics.html.erb within rescues/layout (92.4ms)
  [1m[36m (93.3ms)[0m  [1mCREATE TABLE `schema_migrations` (`version` varchar(255) NOT NULL) ENGINE=InnoDB[0m
  [1m[35m (211.7ms)[0m  CREATE UNIQUE INDEX `unique_schema_migrations`  ON `schema_migrations` (`version`) 
  [1m[36mActiveRecord::SchemaMigration Load (0.5ms)[0m  [1mSELECT `schema_migrations`.* FROM `schema_migrations`[0m
Migrating to CreateTodos (20150107112254)
  [1m[35m (107.3ms)[0m  CREATE TABLE `todos` (`id` int(11) auto_increment PRIMARY KEY, `todo_item` text, `todo_for` varchar(255), `todo_deadline` date, `todo_category` varchar(255), `todo_project` varchar(255), `todo_importance` int(11), `todo_urgence` int(11), `todo_timerequired` decimal, `todo_recurring` tinyint(1), `todo_frequency` varchar(255), `todo_status` decimal, `todo_timeremaining` decimal, `todo_ranking` int(11), `todo_complete` tinyint(1), `todo_enddate` date, `todo_deadlinetime` time, `todo_review` varchar(255), `created_at` datetime NOT NULL, `updated_at` datetime NOT NULL) ENGINE=InnoDB
  [1m[36m (0.3ms)[0m  [1mBEGIN[0m
  [1m[35mSQL (0.7ms)[0m  INSERT INTO `schema_migrations` (`version`) VALUES ('20150107112254')
  [1m[36m (55.9ms)[0m  [1mCOMMIT[0m
Migrating to Fixdecimalcolumns (20150108171950)
  [1m[35m (398.6ms)[0m  ALTER TABLE `todos` CHANGE `todo_timerequired` `todo_timerequired` decimal(10,4) DEFAULT NULL
  [1m[36m (230.4ms)[0m  [1mALTER TABLE `todos` CHANGE `todo_timeremaining` `todo_timeremaining` decimal(10,4) DEFAULT NULL[0m
  [1m[35m (219.4ms)[0m  ALTER TABLE `todos` CHANGE `todo_status` `todo_status` decimal(10,4) DEFAULT NULL
  [1m[36m (221.1ms)[0m  [1mALTER TABLE `todos` CHANGE `todo_ranking` `todo_ranking` decimal(10,4) DEFAULT NULL[0m
  [1m[35m (0.6ms)[0m  BEGIN
  [1m[36mSQL (0.5ms)[0m  [1mINSERT INTO `schema_migrations` (`version`) VALUES ('20150108171950')[0m
  [1m[35m (40.0ms)[0m  COMMIT
Migrating to TodosUpdateurgencetodecimals (20150109124002)
  [1m[36m (244.8ms)[0m  [1mALTER TABLE `todos` CHANGE `todo_urgence` `todo_urgence` decimal(10,4) DEFAULT NULL[0m
  [1m[35m (0.4ms)[0m  BEGIN
  [1m[36mSQL (0.6ms)[0m  [1mINSERT INTO `schema_migrations` (`version`) VALUES ('20150109124002')[0m
  [1m[35m (46.8ms)[0m  COMMIT
Migrating to CreateUsers (20150204203124)
  [1m[36m (87.0ms)[0m  [1mCREATE TABLE `users` (`id` int(11) auto_increment PRIMARY KEY, `username` varchar(255), `email` varchar(255), `password_hash` varchar(255), `password_salt` varchar(255), `created_at` datetime, `updated_at` datetime) ENGINE=InnoDB[0m
  [1m[35m (0.3ms)[0m  BEGIN
  [1m[36mSQL (0.5ms)[0m  [1mINSERT INTO `schema_migrations` (`version`) VALUES ('20150204203124')[0m
  [1m[35m (40.8ms)[0m  COMMIT
Migrating to AddUsernametoTodos (20150204210303)
  [1m[36m (223.5ms)[0m  [1mALTER TABLE `todos` ADD `username` varchar(255)[0m
  [1m[35m (0.2ms)[0m  BEGIN
  [1m[36mSQL (0.5ms)[0m  [1mINSERT INTO `schema_migrations` (`version`) VALUES ('20150204210303')[0m
  [1m[35m (42.4ms)[0m  COMMIT
Migrating to ChangeUsernametoUserId (20150205064651)
  [1m[36m (218.3ms)[0m  [1mALTER TABLE `todos` CHANGE `username` `username` int DEFAULT NULL[0m
  [1m[35m (205.7ms)[0m  ALTER TABLE `todos` CHANGE `username` `user_id` int(11) DEFAULT NULL
  [1m[36m (0.6ms)[0m  [1mBEGIN[0m
  [1m[35mSQL (0.5ms)[0m  INSERT INTO `schema_migrations` (`version`) VALUES ('20150205064651')
  [1m[36m (38.8ms)[0m  [1mCOMMIT[0m
Migrating to AddAssignedDateandRecurLatest (20150211215634)
  [1m[35m (223.1ms)[0m  ALTER TABLE `todos` ADD `assigneddate` date
  [1m[36m (225.8ms)[0m  [1mALTER TABLE `todos` ADD `latestrecur` tinyint(1)[0m
  [1m[35m (202.0ms)[0m  ALTER TABLE `users` ADD `startwork` time
  [1m[36m (213.0ms)[0m  [1mALTER TABLE `users` ADD `endwork` time[0m
  [1m[35m (224.3ms)[0m  ALTER TABLE `users` ADD `lunchstart` time
  [1m[36m (225.8ms)[0m  [1mALTER TABLE `users` ADD `lunchlength` decimal(10,4)[0m
  [1m[35m (0.2ms)[0m  BEGIN
  [1m[36mSQL (0.5ms)[0m  [1mINSERT INTO `schema_migrations` (`version`) VALUES ('20150211215634')[0m
  [1m[35m (52.0ms)[0m  COMMIT
  [1m[36mActiveRecord::SchemaMigration Load (0.5ms)[0m  [1mSELECT `schema_migrations`.* FROM `schema_migrations`[0m


Started GET "/" for 127.0.0.1 at 2015-02-23 22:14:52 +0000
  [1m[36mActiveRecord::SchemaMigration Load (0.3ms)[0m  [1mSELECT `schema_migrations`.* FROM `schema_migrations`[0m
Processing by HomeController#index as HTML
  Rendered home/index.html.erb within layouts/application (7.0ms)
Completed 500 Internal Server Error in 602ms

ActionView::Template::Error (Could not find a JavaScript runtime. See https://github.com/sstephenson/execjs for a list of available runtimes.
  (in /home/andrewrennie/.rvm/gems/ruby-2.1.5/gems/turbolinks-2.5.3/lib/assets/javascripts/turbolinks.js.coffee)):
    3: <head>
    4:   <title>Jarvis</title>
    5:   <%= stylesheet_link_tag    'application', media: 'all', 'data-turbolinks-track' => true %>
    6:   <%= javascript_include_tag 'application', 'data-turbolinks-track' => true %>
    7:   <%= csrf_meta_tags %>
    8: </head>
    9: <body>
  app/views/layouts/application.html.erb:6:in `_app_views_layouts_application_html_erb___769217438_94088930'
  app/controllers/home_controller.rb:8:in `index'


  Rendered /home/andrewrennie/.rvm/gems/ruby-2.1.5/gems/web-console-2.0.0/lib/action_dispatch/templates/rescues/_source.erb (65.8ms)
  Rendered /home/andrewrennie/.rvm/gems/ruby-2.1.5/gems/web-console-2.0.0/lib/action_dispatch/templates/rescues/_trace.html.erb (21.3ms)
  Rendered /home/andrewrennie/.rvm/gems/ruby-2.1.5/gems/web-console-2.0.0/lib/action_dispatch/templates/rescues/_request_and_response.html.erb (3.3ms)
  Rendered /home/andrewrennie/.rvm/gems/ruby-2.1.5/gems/web-console-2.0.0/lib/action_dispatch/templates/rescues/_web_console.html.erb (3.6ms)
  Rendered /home/andrewrennie/.rvm/gems/ruby-2.1.5/gems/web-console-2.0.0/lib/action_dispatch/templates/rescues/template_error.html.erb within rescues/layout (145.3ms)


Started GET "/" for 127.0.0.1 at 2015-02-23 22:32:04 +0000
  [1m[36mActiveRecord::SchemaMigration Load (0.3ms)[0m  [1mSELECT `schema_migrations`.* FROM `schema_migrations`[0m
Processing by HomeController#index as HTML
  Rendered home/index.html.erb within layouts/application (7.1ms)
Completed 200 OK in 2639ms (Views: 2595.5ms | ActiveRecord: 0.0ms)


Started GET "/assets/bootstrap.css?body=1" for 127.0.0.1 at 2015-02-23 22:32:07 +0000


Started GET "/assets/pages.css?body=1" for 127.0.0.1 at 2015-02-23 22:32:07 +0000


Started GET "/assets/bootstrap.js?body=1" for 127.0.0.1 at 2015-02-23 22:32:07 +0000


Started GET "/assets/jquery.js?body=1" for 127.0.0.1 at 2015-02-23 22:32:07 +0000


Started GET "/assets/application.css?body=1" for 127.0.0.1 at 2015-02-23 22:32:07 +0000


Started GET "/assets/jquery_ujs.js?body=1" for 127.0.0.1 at 2015-02-23 22:32:08 +0000


Started GET "/assets/turbolinks.js?body=1" for 127.0.0.1 at 2015-02-23 22:32:08 +0000


Started GET "/assets/todos.css?body=1" for 127.0.0.1 at 2015-02-23 22:32:08 +0000


Started GET "/assets/pages.js?body=1" for 127.0.0.1 at 2015-02-23 22:32:08 +0000


Started GET "/assets/todos.js?body=1" for 127.0.0.1 at 2015-02-23 22:32:08 +0000


Started GET "/assets/application.js?body=1" for 127.0.0.1 at 2015-02-23 22:32:08 +0000


Started GET "/users/new" for 127.0.0.1 at 2015-02-24 06:18:33 +0000
Processing by UsersController#new as HTML
  Rendered users/new.html.erb within layouts/application (154.0ms)
Completed 200 OK in 419ms (Views: 413.6ms | ActiveRecord: 3.3ms)


Started POST "/users" for 127.0.0.1 at 2015-02-24 06:18:55 +0000
Processing by UsersController#create as HTML
  Parameters: {"utf8"=>"✓", "authenticity_token"=>"92ua9m/h4vk2LuN5uqsFUXEb9Mak0tcuPOCLsZbPsXo=", "user"=>{"username"=>"test", "email"=>"test@test.test", "password"=>"[FILTERED]", "password_confirmation"=>"[FILTERED]"}, "commit"=>"Sign Up"}
Unpermitted parameters: password_confirmation
  [1m[35m (0.3ms)[0m  BEGIN
  [1m[36mSQL (0.7ms)[0m  [1mINSERT INTO `users` (`created_at`, `email`, `password_hash`, `password_salt`, `updated_at`, `username`) VALUES ('2015-02-24 06:18:55', 'test@test.test', '$2a$10$yYzKUPQf37u2tzhfwQlU4urIXd3gBO1hVRGZvkFNkuC81aH.FBWzi', '$2a$10$yYzKUPQf37u2tzhfwQlU4u', '2015-02-24 06:18:55', 'test')[0m
  [1m[35m (62.2ms)[0m  COMMIT
Redirected to http://localhost:3000/todos/index
Completed 302 Found in 392ms (ActiveRecord: 63.2ms)


Started GET "/todos/index" for 127.0.0.1 at 2015-02-24 06:18:55 +0000
Processing by TodosController#index as HTML
  [1m[36m (0.6ms)[0m  [1mUPDATE todos set todos.todo_urgence = 10/((todos.todo_deadline - curdate()) - todos.todo_timeremaining/8) WHERE todos.todo_complete = false or todos.todo_complete is null[0m
  [1m[35mSQL (0.6ms)[0m  UPDATE `todos` SET `todos`.`todo_urgence` = 11 WHERE (todo_urgence < 0 and user_id = 1)
  [1m[36mSQL (0.4ms)[0m  [1mUPDATE `todos` SET `todos`.`todo_complete` = 0 WHERE (todo_complete is null)[0m
  [1m[35mSQL (0.4ms)[0m  UPDATE `todos` SET `todos`.`todo_urgence` = 0 WHERE (todo_complete is true AND todo_deadline < curdate() and user_id = 1)
  [1m[36mTodo Load (1.0ms)[0m  [1mSELECT `todos`.* FROM `todos`  WHERE (user_id = 1) AND (todos.todo_category<>'Personal' AND todo_urgence>0 AND (todo_urgence >= 11 OR todo_deadline = curdate()))  ORDER BY todo_complete ASC, (todo_urgence + todo_importance) DESC, todo_item ASC[0m
  [1m[35mTodo Load (0.8ms)[0m  SELECT `todos`.* FROM `todos`  WHERE (user_id = 1) AND (todos.todo_category<>'Personal' and todos.todo_deadline > curdate() and todos.todo_deadline < ADDDATE(SUBDATE(curdate(), interval DAYOFWEEK(CURDATE()) - 1 DAY), INTERVAL 1 WEEK))
  [1m[36m (0.7ms)[0m  [1mSELECT COUNT(*) FROM `todos`  WHERE (user_id = 1) AND (todos.todo_category='Personal' and (todos.todo_complete = False or todos.updated_at>=curdate() or todos.todo_complete is null))[0m
  Rendered todos/index.html.erb within layouts/application (61.9ms)
Completed 200 OK in 324ms (Views: 296.3ms | ActiveRecord: 8.7ms)


Started GET "/assets/bootstrap.css?body=1" for 127.0.0.1 at 2015-02-24 06:18:56 +0000


Started GET "/assets/pages.css?body=1" for 127.0.0.1 at 2015-02-24 06:18:56 +0000


Started GET "/assets/todos.css?body=1" for 127.0.0.1 at 2015-02-24 06:18:56 +0000


Started GET "/assets/jquery.js?body=1" for 127.0.0.1 at 2015-02-24 06:18:56 +0000


Started GET "/assets/application.css?body=1" for 127.0.0.1 at 2015-02-24 06:18:56 +0000


Started GET "/assets/bootstrap.js?body=1" for 127.0.0.1 at 2015-02-24 06:18:56 +0000


Started GET "/assets/todos.js?body=1" for 127.0.0.1 at 2015-02-24 06:18:56 +0000


Started GET "/assets/pages.js?body=1" for 127.0.0.1 at 2015-02-24 06:18:56 +0000


Started GET "/assets/turbolinks.js?body=1" for 127.0.0.1 at 2015-02-24 06:18:56 +0000


Started GET "/assets/application.js?body=1" for 127.0.0.1 at 2015-02-24 06:18:56 +0000


Started GET "/assets/jquery_ujs.js?body=1" for 127.0.0.1 at 2015-02-24 06:18:56 +0000


Started GET "/admin/index" for 127.0.0.1 at 2015-02-24 06:36:52 +0000
Processing by AdminController#index as HTML
  [1m[35mUser Load (0.8ms)[0m  SELECT  `users`.* FROM `users`  WHERE `users`.`id` = 1 LIMIT 1
  Rendered admin/index.html.erb within layouts/application (4.2ms)
Completed 500 Internal Server Error in 51ms

SyntaxError (/home/andrewrennie/RailsProjects/jarvis/app/views/admin/index.html.erb:44: syntax error, unexpected '='
...ction => "updateuser" }, class="form-group" do |f| @output_b...
...                               ^
/home/andrewrennie/RailsProjects/jarvis/app/views/admin/index.html.erb:44: syntax error, unexpected keyword_do_block, expecting keyword_end
...euser" }, class="form-group" do |f| @output_buffer.safe_appe...
...                               ^
/home/andrewrennie/RailsProjects/jarvis/app/views/admin/index.html.erb:61: syntax error, unexpected keyword_ensure, expecting end-of-input):
  app/views/admin/index.html.erb:44: syntax error, unexpected '='
  app/views/admin/index.html.erb:44: syntax error, unexpected keyword_do_block, expecting keyword_end
  app/views/admin/index.html.erb:61: syntax error, unexpected keyword_ensure, expecting end-of-input
  app/controllers/admin_controller.rb:13:in `index'


  Rendered /home/andrewrennie/.rvm/gems/ruby-2.1.5/gems/web-console-2.0.0/lib/action_dispatch/templates/rescues/_source.erb (53.6ms)
  Rendered /home/andrewrennie/.rvm/gems/ruby-2.1.5/gems/web-console-2.0.0/lib/action_dispatch/templates/rescues/_trace.html.erb (19.0ms)
  Rendered /home/andrewrennie/.rvm/gems/ruby-2.1.5/gems/web-console-2.0.0/lib/action_dispatch/templates/rescues/_request_and_response.html.erb (3.3ms)
  Rendered /home/andrewrennie/.rvm/gems/ruby-2.1.5/gems/web-console-2.0.0/lib/action_dispatch/templates/rescues/_web_console.html.erb (3.7ms)
  Rendered /home/andrewrennie/.rvm/gems/ruby-2.1.5/gems/web-console-2.0.0/lib/action_dispatch/templates/rescues/diagnostics.html.erb within rescues/layout (138.5ms)


Started GET "/admin/index" for 127.0.0.1 at 2015-02-24 06:36:55 +0000
Processing by AdminController#index as HTML
  [1m[36mUser Load (0.3ms)[0m  [1mSELECT  `users`.* FROM `users`  WHERE `users`.`id` = 1 LIMIT 1[0m
  Rendered admin/index.html.erb within layouts/application (4.4ms)
Completed 500 Internal Server Error in 17ms

SyntaxError (/home/andrewrennie/RailsProjects/jarvis/app/views/admin/index.html.erb:44: syntax error, unexpected '='
...ction => "updateuser" }, class="form-group" do |f| @output_b...
...                               ^
/home/andrewrennie/RailsProjects/jarvis/app/views/admin/index.html.erb:44: syntax error, unexpected keyword_do_block, expecting keyword_end
...euser" }, class="form-group" do |f| @output_buffer.safe_appe...
...                               ^
/home/andrewrennie/RailsProjects/jarvis/app/views/admin/index.html.erb:61: syntax error, unexpected keyword_ensure, expecting end-of-input):
  app/views/admin/index.html.erb:44: syntax error, unexpected '='
  app/views/admin/index.html.erb:44: syntax error, unexpected keyword_do_block, expecting keyword_end
  app/views/admin/index.html.erb:61: syntax error, unexpected keyword_ensure, expecting end-of-input
  app/controllers/admin_controller.rb:13:in `index'


  Rendered /home/andrewrennie/.rvm/gems/ruby-2.1.5/gems/web-console-2.0.0/lib/action_dispatch/templates/rescues/_source.erb (50.2ms)
  Rendered /home/andrewrennie/.rvm/gems/ruby-2.1.5/gems/web-console-2.0.0/lib/action_dispatch/templates/rescues/_trace.html.erb (23.0ms)
  Rendered /home/andrewrennie/.rvm/gems/ruby-2.1.5/gems/web-console-2.0.0/lib/action_dispatch/templates/rescues/_request_and_response.html.erb (3.2ms)
  Rendered /home/andrewrennie/.rvm/gems/ruby-2.1.5/gems/web-console-2.0.0/lib/action_dispatch/templates/rescues/_web_console.html.erb (3.6ms)
  Rendered /home/andrewrennie/.rvm/gems/ruby-2.1.5/gems/web-console-2.0.0/lib/action_dispatch/templates/rescues/diagnostics.html.erb within rescues/layout (137.5ms)


Started GET "/admin/index" for 127.0.0.1 at 2015-02-24 06:37:46 +0000
Processing by AdminController#index as HTML
  [1m[35mUser Load (0.4ms)[0m  SELECT  `users`.* FROM `users`  WHERE `users`.`id` = 1 LIMIT 1
  Rendered admin/index.html.erb within layouts/application (9.5ms)
Completed 500 Internal Server Error in 34ms

SyntaxError (/home/andrewrennie/RailsProjects/jarvis/app/views/admin/index.html.erb:44: syntax error, unexpected ','
...ction => "updateuser" } do |f|, class="form-group" );@output...
...                               ^
/home/andrewrennie/RailsProjects/jarvis/app/views/admin/index.html.erb:44: syntax error, unexpected ')', expecting keyword_end
... } do |f|, class="form-group" );@output_buffer.safe_append='
...                               ^
/home/andrewrennie/RailsProjects/jarvis/app/views/admin/index.html.erb:61: syntax error, unexpected keyword_ensure, expecting ')'
/home/andrewrennie/RailsProjects/jarvis/app/views/admin/index.html.erb:63: syntax error, unexpected keyword_end, expecting ')'):
  app/views/admin/index.html.erb:44: syntax error, unexpected ','
  app/views/admin/index.html.erb:44: syntax error, unexpected ')', expecting keyword_end
  app/views/admin/index.html.erb:61: syntax error, unexpected keyword_ensure, expecting ')'
  app/views/admin/index.html.erb:63: syntax error, unexpected keyword_end, expecting ')'
  app/controllers/admin_controller.rb:13:in `index'


  Rendered /home/andrewrennie/.rvm/gems/ruby-2.1.5/gems/web-console-2.0.0/lib/action_dispatch/templates/rescues/_source.erb (55.5ms)
  Rendered /home/andrewrennie/.rvm/gems/ruby-2.1.5/gems/web-console-2.0.0/lib/action_dispatch/templates/rescues/_trace.html.erb (20.7ms)
  Rendered /home/andrewrennie/.rvm/gems/ruby-2.1.5/gems/web-console-2.0.0/lib/action_dispatch/templates/rescues/_request_and_response.html.erb (3.6ms)
  Rendered /home/andrewrennie/.rvm/gems/ruby-2.1.5/gems/web-console-2.0.0/lib/action_dispatch/templates/rescues/_web_console.html.erb (3.8ms)
  Rendered /home/andrewrennie/.rvm/gems/ruby-2.1.5/gems/web-console-2.0.0/lib/action_dispatch/templates/rescues/diagnostics.html.erb within rescues/layout (143.5ms)


Started GET "/admin/index" for 127.0.0.1 at 2015-02-24 06:38:04 +0000
Processing by AdminController#index as HTML
  [1m[36mUser Load (4.0ms)[0m  [1mSELECT  `users`.* FROM `users`  WHERE `users`.`id` = 1 LIMIT 1[0m
  Rendered admin/index.html.erb within layouts/application (53.1ms)
Completed 500 Internal Server Error in 77ms

ActionView::Template::Error (undefined method `username' for #<ActionView::Helpers::FormBuilder:0xb813ee4>):
    44:   <%= form_for @user, :url => { :action => "updateuser" } do |f| %>
    45:   
    46:     <table style="width:600">
    47:   <tr><td width:10%>Username:</td><td width:40%><%= f.text_field :username, :value => f.username %></td>
    48:       <td width:10%>Email:</td><td width:40%><%= f.email_field  :emailaddress, :value => f.emailaddress %></td></tr>
    49:   <tr><td width:80%><br><%= f.submit "Update To Do", class: "btn btn-primary" %></td></td><td width:10%><br><%= link_to 'Back', :back %></td></tr>
    50:   </table>
  app/views/admin/index.html.erb:47:in `block in _app_views_admin_index_html_erb___476628866_96532840'
  app/views/admin/index.html.erb:44:in `_app_views_admin_index_html_erb___476628866_96532840'
  app/controllers/admin_controller.rb:13:in `index'


  Rendered /home/andrewrennie/.rvm/gems/ruby-2.1.5/gems/web-console-2.0.0/lib/action_dispatch/templates/rescues/_source.erb (50.7ms)
  Rendered /home/andrewrennie/.rvm/gems/ruby-2.1.5/gems/web-console-2.0.0/lib/action_dispatch/templates/rescues/_trace.html.erb (17.5ms)
  Rendered /home/andrewrennie/.rvm/gems/ruby-2.1.5/gems/web-console-2.0.0/lib/action_dispatch/templates/rescues/_request_and_response.html.erb (3.3ms)
  Rendered /home/andrewrennie/.rvm/gems/ruby-2.1.5/gems/web-console-2.0.0/lib/action_dispatch/templates/rescues/_web_console.html.erb (3.7ms)
  Rendered /home/andrewrennie/.rvm/gems/ruby-2.1.5/gems/web-console-2.0.0/lib/action_dispatch/templates/rescues/template_error.html.erb within rescues/layout (133.8ms)


Started GET "/admin/index" for 127.0.0.1 at 2015-02-24 06:40:24 +0000
Processing by AdminController#index as HTML
  [1m[35mUser Load (0.4ms)[0m  SELECT  `users`.* FROM `users`  WHERE `users`.`id` = 1 LIMIT 1
  Rendered admin/index.html.erb within layouts/application (86.9ms)
Completed 500 Internal Server Error in 116ms

ActionView::Template::Error (undefined method `email' for #<ActionView::Helpers::FormBuilder:0xd2909d4>):
    45:   
    46:     <table style="width:600">
    47:   <tr><td width:10%>Username:</td><td width:40%><%= f.text_field :username %></td>
    48:       <td width:10%>Email:</td><td width:40%><%= f.email_field  :email, :value => f.email %></td></tr>
    49:   <tr><td width:80%><br><%= f.submit "Update To Do", class: "btn btn-primary" %></td></td><td width:10%><br><%= link_to 'Back', :back %></td></tr>
    50:   </table>
    51:   <% end %>
  app/views/admin/index.html.erb:48:in `block in _app_views_admin_index_html_erb___476628866_110458050'
  app/views/admin/index.html.erb:44:in `_app_views_admin_index_html_erb___476628866_110458050'
  app/controllers/admin_controller.rb:13:in `index'


  Rendered /home/andrewrennie/.rvm/gems/ruby-2.1.5/gems/web-console-2.0.0/lib/action_dispatch/templates/rescues/_source.erb (50.5ms)
  Rendered /home/andrewrennie/.rvm/gems/ruby-2.1.5/gems/web-console-2.0.0/lib/action_dispatch/templates/rescues/_trace.html.erb (17.5ms)
  Rendered /home/andrewrennie/.rvm/gems/ruby-2.1.5/gems/web-console-2.0.0/lib/action_dispatch/templates/rescues/_request_and_response.html.erb (3.3ms)
  Rendered /home/andrewrennie/.rvm/gems/ruby-2.1.5/gems/web-console-2.0.0/lib/action_dispatch/templates/rescues/_web_console.html.erb (3.7ms)
  Rendered /home/andrewrennie/.rvm/gems/ruby-2.1.5/gems/web-console-2.0.0/lib/action_dispatch/templates/rescues/template_error.html.erb within rescues/layout (132.6ms)


Started GET "/admin/index" for 127.0.0.1 at 2015-02-24 06:41:52 +0000
Processing by AdminController#index as HTML
  [1m[36mUser Load (1.4ms)[0m  [1mSELECT  `users`.* FROM `users`  WHERE `users`.`id` = 1 LIMIT 1[0m
  Rendered admin/index.html.erb within layouts/application (75.2ms)
Completed 500 Internal Server Error in 97ms

ActionView::Template::Error (undefined method `email' for #<ActionView::Helpers::FormBuilder:0xb5e13dd0>):
    45:   
    46:     <table style="width:600">
    47:   <tr><td width:10%>Username:</td><td width:40%><%= f.text_field :username %></td>
    48:       <td width:10%>Email:</td><td width:40%><%= f.text_field :email, :value => f.email %></td></tr>
    49:   <tr><td width:80%><br><%= f.submit "Update To Do", class: "btn btn-primary" %></td></td><td width:10%><br><%= link_to 'Back', :back %></td></tr>
    50:   </table>
    51:   <% end %>
  app/views/admin/index.html.erb:48:in `block in _app_views_admin_index_html_erb___476628866_105225860'
  app/views/admin/index.html.erb:44:in `_app_views_admin_index_html_erb___476628866_105225860'
  app/controllers/admin_controller.rb:13:in `index'


  Rendered /home/andrewrennie/.rvm/gems/ruby-2.1.5/gems/web-console-2.0.0/lib/action_dispatch/templates/rescues/_source.erb (51.0ms)
  Rendered /home/andrewrennie/.rvm/gems/ruby-2.1.5/gems/web-console-2.0.0/lib/action_dispatch/templates/rescues/_trace.html.erb (17.7ms)
  Rendered /home/andrewrennie/.rvm/gems/ruby-2.1.5/gems/web-console-2.0.0/lib/action_dispatch/templates/rescues/_request_and_response.html.erb (3.2ms)
  Rendered /home/andrewrennie/.rvm/gems/ruby-2.1.5/gems/web-console-2.0.0/lib/action_dispatch/templates/rescues/_web_console.html.erb (3.7ms)
  Rendered /home/andrewrennie/.rvm/gems/ruby-2.1.5/gems/web-console-2.0.0/lib/action_dispatch/templates/rescues/template_error.html.erb within rescues/layout (133.3ms)


Started GET "/admin/index" for 127.0.0.1 at 2015-02-24 06:42:18 +0000
Processing by AdminController#index as HTML
  [1m[35mUser Load (0.3ms)[0m  SELECT  `users`.* FROM `users`  WHERE `users`.`id` = 1 LIMIT 1
  Rendered admin/index.html.erb within layouts/application (65.9ms)
Completed 500 Internal Server Error in 90ms

ActionView::Template::Error (undefined method `email' for #<ActionView::Helpers::FormBuilder:0xca8a80c>):
    45:   
    46:     <table style="width:600">
    47:   <tr><td width:10%>Username:</td><td width:40%><%= f.text_field :username %></td>
    48:       <td width:10%>Email:</td><td width:40%><%= f.text_field :emailaddress, :value => f.email %></td></tr>
    49:   <tr><td width:80%><br><%= f.submit "Update To Do", class: "btn btn-primary" %></td></td><td width:10%><br><%= link_to 'Back', :back %></td></tr>
    50:   </table>
    51:   <% end %>
  app/views/admin/index.html.erb:48:in `block in _app_views_admin_index_html_erb___476628866_106496110'
  app/views/admin/index.html.erb:44:in `_app_views_admin_index_html_erb___476628866_106496110'
  app/controllers/admin_controller.rb:13:in `index'


  Rendered /home/andrewrennie/.rvm/gems/ruby-2.1.5/gems/web-console-2.0.0/lib/action_dispatch/templates/rescues/_source.erb (52.1ms)
  Rendered /home/andrewrennie/.rvm/gems/ruby-2.1.5/gems/web-console-2.0.0/lib/action_dispatch/templates/rescues/_trace.html.erb (17.7ms)
  Rendered /home/andrewrennie/.rvm/gems/ruby-2.1.5/gems/web-console-2.0.0/lib/action_dispatch/templates/rescues/_request_and_response.html.erb (3.4ms)
  Rendered /home/andrewrennie/.rvm/gems/ruby-2.1.5/gems/web-console-2.0.0/lib/action_dispatch/templates/rescues/_web_console.html.erb (3.7ms)
  Rendered /home/andrewrennie/.rvm/gems/ruby-2.1.5/gems/web-console-2.0.0/lib/action_dispatch/templates/rescues/template_error.html.erb within rescues/layout (134.7ms)


Started GET "/admin/index" for 127.0.0.1 at 2015-02-24 06:43:01 +0000
Processing by AdminController#index as HTML
  [1m[36mUser Load (0.3ms)[0m  [1mSELECT  `users`.* FROM `users`  WHERE `users`.`id` = 1 LIMIT 1[0m
  Rendered admin/index.html.erb within layouts/application (24.7ms)
Completed 500 Internal Server Error in 39ms

ActionView::Template::Error (undefined method `email' for #<Class:0xbabb2f0>):
    45:   
    46:     <table style="width:600">
    47:   <tr><td width:10%>Username:</td><td width:40%><%= f.text_field :username %></td>
    48:       <td width:10%>Email:</td><td width:40%><%= f.text_field :email, :value => User.email %></td></tr>
    49:   <tr><td width:80%><br><%= f.submit "Update To Do", class: "btn btn-primary" %></td></td><td width:10%><br><%= link_to 'Back', :back %></td></tr>
    50:   </table>
    51:   <% end %>
  app/views/admin/index.html.erb:48:in `block in _app_views_admin_index_html_erb___476628866_97826390'
  app/views/admin/index.html.erb:44:in `_app_views_admin_index_html_erb___476628866_97826390'
  app/controllers/admin_controller.rb:13:in `index'


  Rendered /home/andrewrennie/.rvm/gems/ruby-2.1.5/gems/web-console-2.0.0/lib/action_dispatch/templates/rescues/_source.erb (51.3ms)
  Rendered /home/andrewrennie/.rvm/gems/ruby-2.1.5/gems/web-console-2.0.0/lib/action_dispatch/templates/rescues/_trace.html.erb (17.7ms)
  Rendered /home/andrewrennie/.rvm/gems/ruby-2.1.5/gems/web-console-2.0.0/lib/action_dispatch/templates/rescues/_request_and_response.html.erb (3.7ms)
  Rendered /home/andrewrennie/.rvm/gems/ruby-2.1.5/gems/web-console-2.0.0/lib/action_dispatch/templates/rescues/_web_console.html.erb (4.3ms)
  Rendered /home/andrewrennie/.rvm/gems/ruby-2.1.5/gems/web-console-2.0.0/lib/action_dispatch/templates/rescues/template_error.html.erb within rescues/layout (137.2ms)


Started GET "/admin/index" for 127.0.0.1 at 2015-02-24 06:43:27 +0000
Processing by AdminController#index as HTML
  [1m[35mUser Load (0.3ms)[0m  SELECT  `users`.* FROM `users`  WHERE `users`.`id` = 1 LIMIT 1
  Rendered admin/index.html.erb within layouts/application (21.1ms)
Completed 500 Internal Server Error in 43ms

ActionView::Template::Error (undefined method `email' for nil:NilClass):
    45:   
    46:     <table style="width:600">
    47:   <tr><td width:10%>Username:</td><td width:40%><%= f.text_field :username %></td>
    48:       <td width:10%>Email:</td><td width:40%><%= f.text_field :email, :value => @User.email %></td></tr>
    49:   <tr><td width:80%><br><%= f.submit "Update To Do", class: "btn btn-primary" %></td></td><td width:10%><br><%= link_to 'Back', :back %></td></tr>
    50:   </table>
    51:   <% end %>
  app/views/admin/index.html.erb:48:in `block in _app_views_admin_index_html_erb___476628866_106937940'
  app/views/admin/index.html.erb:44:in `_app_views_admin_index_html_erb___476628866_106937940'
  app/controllers/admin_controller.rb:13:in `index'


  Rendered /home/andrewrennie/.rvm/gems/ruby-2.1.5/gems/web-console-2.0.0/lib/action_dispatch/templates/rescues/_source.erb (54.2ms)
  Rendered /home/andrewrennie/.rvm/gems/ruby-2.1.5/gems/web-console-2.0.0/lib/action_dispatch/templates/rescues/_trace.html.erb (18.2ms)
  Rendered /home/andrewrennie/.rvm/gems/ruby-2.1.5/gems/web-console-2.0.0/lib/action_dispatch/templates/rescues/_request_and_response.html.erb (4.1ms)
  Rendered /home/andrewrennie/.rvm/gems/ruby-2.1.5/gems/web-console-2.0.0/lib/action_dispatch/templates/rescues/_web_console.html.erb (4.1ms)
  Rendered /home/andrewrennie/.rvm/gems/ruby-2.1.5/gems/web-console-2.0.0/lib/action_dispatch/templates/rescues/template_error.html.erb within rescues/layout (140.0ms)


Started GET "/admin/index" for 127.0.0.1 at 2015-02-24 06:47:01 +0000
Processing by AdminController#index as HTML
  [1m[36mUser Load (0.4ms)[0m  [1mSELECT  `users`.* FROM `users`  WHERE `users`.`id` = 1 LIMIT 1[0m
  Rendered admin/index.html.erb within layouts/application (21.1ms)
Completed 500 Internal Server Error in 46ms

ActionView::Template::Error (undefined method `username' for nil:NilClass):
    44:   <%= form_for @user, :url => { :action => "updateuser" } do |f| %>
    45:   
    46:     <table style="width:600">
    47:   <tr><td width:10%>Username:</td><td width:40%><%= f.text_field :username, :value => @User.username %></td>
    48:       <td width:10%>Email:</td><td width:40%><%= f.text_field :email %></td></tr>
    49:   <tr><td width:80%><br><%= f.submit "Update To Do", class: "btn btn-primary" %></td></td><td width:10%><br><%= link_to 'Back', :back %></td></tr>
    50:   </table>
  app/views/admin/index.html.erb:47:in `block in _app_views_admin_index_html_erb___476628866_91346350'
  app/views/admin/index.html.erb:44:in `_app_views_admin_index_html_erb___476628866_91346350'
  app/controllers/admin_controller.rb:13:in `index'


  Rendered /home/andrewrennie/.rvm/gems/ruby-2.1.5/gems/web-console-2.0.0/lib/action_dispatch/templates/rescues/_source.erb (50.4ms)
  Rendered /home/andrewrennie/.rvm/gems/ruby-2.1.5/gems/web-console-2.0.0/lib/action_dispatch/templates/rescues/_trace.html.erb (17.7ms)
  Rendered /home/andrewrennie/.rvm/gems/ruby-2.1.5/gems/web-console-2.0.0/lib/action_dispatch/templates/rescues/_request_and_response.html.erb (3.2ms)
  Rendered /home/andrewrennie/.rvm/gems/ruby-2.1.5/gems/web-console-2.0.0/lib/action_dispatch/templates/rescues/_web_console.html.erb (3.7ms)
  Rendered /home/andrewrennie/.rvm/gems/ruby-2.1.5/gems/web-console-2.0.0/lib/action_dispatch/templates/rescues/template_error.html.erb within rescues/layout (132.3ms)


Started GET "/admin/index" for 127.0.0.1 at 2015-02-24 06:47:45 +0000
Processing by AdminController#index as HTML
  [1m[35mUser Load (5.7ms)[0m  SELECT  `users`.* FROM `users`  WHERE `users`.`id` = 1 LIMIT 1
  Rendered admin/index.html.erb within layouts/application (11.7ms)
Completed 200 OK in 297ms (Views: 287.6ms | ActiveRecord: 5.7ms)


Started GET "/assets/bootstrap.css?body=1" for 127.0.0.1 at 2015-02-24 06:47:45 +0000


Started GET "/assets/pages.css?body=1" for 127.0.0.1 at 2015-02-24 06:47:45 +0000


Started GET "/assets/todos.css?body=1" for 127.0.0.1 at 2015-02-24 06:47:45 +0000


Started GET "/assets/application.css?body=1" for 127.0.0.1 at 2015-02-24 06:47:45 +0000


Started GET "/assets/jquery.js?body=1" for 127.0.0.1 at 2015-02-24 06:47:45 +0000


Started GET "/assets/jquery_ujs.js?body=1" for 127.0.0.1 at 2015-02-24 06:47:45 +0000


Started GET "/assets/turbolinks.js?body=1" for 127.0.0.1 at 2015-02-24 06:47:45 +0000


Started GET "/assets/bootstrap.js?body=1" for 127.0.0.1 at 2015-02-24 06:47:45 +0000


Started GET "/assets/pages.js?body=1" for 127.0.0.1 at 2015-02-24 06:47:45 +0000


Started GET "/assets/todos.js?body=1" for 127.0.0.1 at 2015-02-24 06:47:45 +0000


Started GET "/assets/application.js?body=1" for 127.0.0.1 at 2015-02-24 06:47:45 +0000


Started GET "/admin/index" for 127.0.0.1 at 2015-02-24 06:48:08 +0000
Processing by AdminController#index as HTML
  [1m[36mUser Load (4.1ms)[0m  [1mSELECT  `users`.* FROM `users`  WHERE `users`.`id` = 1 LIMIT 1[0m
  Rendered admin/index.html.erb within layouts/application (8.4ms)
Completed 200 OK in 311ms (Views: 297.4ms | ActiveRecord: 4.1ms)


Started GET "/assets/bootstrap.css?body=1" for 127.0.0.1 at 2015-02-24 06:48:08 +0000


Started GET "/assets/pages.css?body=1" for 127.0.0.1 at 2015-02-24 06:48:08 +0000


Started GET "/assets/todos.css?body=1" for 127.0.0.1 at 2015-02-24 06:48:08 +0000


Started GET "/assets/application.css?body=1" for 127.0.0.1 at 2015-02-24 06:48:08 +0000


Started GET "/assets/jquery.js?body=1" for 127.0.0.1 at 2015-02-24 06:48:09 +0000


Started GET "/assets/bootstrap.js?body=1" for 127.0.0.1 at 2015-02-24 06:48:09 +0000


Started GET "/assets/jquery_ujs.js?body=1" for 127.0.0.1 at 2015-02-24 06:48:09 +0000


Started GET "/assets/turbolinks.js?body=1" for 127.0.0.1 at 2015-02-24 06:48:09 +0000


Started GET "/assets/pages.js?body=1" for 127.0.0.1 at 2015-02-24 06:48:09 +0000


Started GET "/assets/todos.js?body=1" for 127.0.0.1 at 2015-02-24 06:48:09 +0000


Started GET "/assets/application.js?body=1" for 127.0.0.1 at 2015-02-24 06:48:09 +0000


Started PATCH "/admin/updateuser" for 127.0.0.1 at 2015-02-24 06:48:14 +0000
Processing by AdminController#updateuser as HTML
  Parameters: {"utf8"=>"✓", "authenticity_token"=>"92ua9m/h4vk2LuN5uqsFUXEb9Mak0tcuPOCLsZbPsXo=", "user"=>{"username"=>"testing", "email"=>"test@test.test"}, "commit"=>"Update Details"}
Completed 500 Internal Server Error in 22ms

ActionView::MissingTemplate (Missing template admin/updateuser, application/updateuser with {:locale=>[:en], :formats=>[:html], :variants=>[], :handlers=>[:erb, :builder, :raw, :ruby, :coffee, :jbuilder]}. Searched in:
  * "/home/andrewrennie/.rvm/gems/ruby-2.1.5/gems/web-console-2.0.0/lib/action_dispatch/templates"
  * "/home/andrewrennie/RailsProjects/jarvis/app/views"
):
  actionview (4.1.8) lib/action_view/path_set.rb:46:in `find'
  actionview (4.1.8) lib/action_view/lookup_context.rb:124:in `find'
  actionview (4.1.8) lib/action_view/renderer/abstract_renderer.rb:18:in `find_template'
  actionview (4.1.8) lib/action_view/renderer/template_renderer.rb:41:in `determine_template'
  actionview (4.1.8) lib/action_view/renderer/template_renderer.rb:8:in `render'
  actionview (4.1.8) lib/action_view/renderer/renderer.rb:42:in `render_template'
  actionview (4.1.8) lib/action_view/renderer/renderer.rb:23:in `render'
  actionview (4.1.8) lib/action_view/rendering.rb:99:in `_render_template'
  actionpack (4.1.8) lib/action_controller/metal/streaming.rb:217:in `_render_template'
  actionview (4.1.8) lib/action_view/rendering.rb:82:in `render_to_body'
  actionpack (4.1.8) lib/action_controller/metal/rendering.rb:32:in `render_to_body'
  actionpack (4.1.8) lib/action_controller/metal/renderers.rb:32:in `render_to_body'
  actionpack (4.1.8) lib/abstract_controller/rendering.rb:25:in `render'
  actionpack (4.1.8) lib/action_controller/metal/rendering.rb:16:in `render'
  actionpack (4.1.8) lib/action_controller/metal/instrumentation.rb:41:in `block (2 levels) in render'
  activesupport (4.1.8) lib/active_support/core_ext/benchmark.rb:12:in `block in ms'
  /home/andrewrennie/.rvm/rubies/ruby-2.1.5/lib/ruby/2.1.0/benchmark.rb:294:in `realtime'
  activesupport (4.1.8) lib/active_support/core_ext/benchmark.rb:12:in `ms'
  actionpack (4.1.8) lib/action_controller/metal/instrumentation.rb:41:in `block in render'
  actionpack (4.1.8) lib/action_controller/metal/instrumentation.rb:84:in `cleanup_view_runtime'
  activerecord (4.1.8) lib/active_record/railties/controller_runtime.rb:25:in `cleanup_view_runtime'
  actionpack (4.1.8) lib/action_controller/metal/instrumentation.rb:40:in `render'
  actionpack (4.1.8) lib/action_controller/metal/implicit_render.rb:10:in `default_render'
  actionpack (4.1.8) lib/action_controller/metal/implicit_render.rb:5:in `send_action'
  actionpack (4.1.8) lib/abstract_controller/base.rb:189:in `process_action'
  actionpack (4.1.8) lib/action_controller/metal/rendering.rb:10:in `process_action'
  actionpack (4.1.8) lib/abstract_controller/callbacks.rb:20:in `block in process_action'
  activesupport (4.1.8) lib/active_support/callbacks.rb:113:in `call'
  activesupport (4.1.8) lib/active_support/callbacks.rb:113:in `call'
  activesupport (4.1.8) lib/active_support/callbacks.rb:229:in `block in halting'
  activesupport (4.1.8) lib/active_support/callbacks.rb:229:in `call'
  activesupport (4.1.8) lib/active_support/callbacks.rb:229:in `block in halting'
  activesupport (4.1.8) lib/active_support/callbacks.rb:166:in `call'
  activesupport (4.1.8) lib/active_support/callbacks.rb:166:in `block in halting'
  activesupport (4.1.8) lib/active_support/callbacks.rb:166:in `call'
  activesupport (4.1.8) lib/active_support/callbacks.rb:166:in `block in halting'
  activesupport (4.1.8) lib/active_support/callbacks.rb:229:in `call'
  activesupport (4.1.8) lib/active_support/callbacks.rb:229:in `block in halting'
  activesupport (4.1.8) lib/active_support/callbacks.rb:166:in `call'
  activesupport (4.1.8) lib/active_support/callbacks.rb:166:in `block in halting'
  activesupport (4.1.8) lib/active_support/callbacks.rb:86:in `call'
  activesupport (4.1.8) lib/active_support/callbacks.rb:86:in `run_callbacks'
  actionpack (4.1.8) lib/abstract_controller/callbacks.rb:19:in `process_action'
  actionpack (4.1.8) lib/action_controller/metal/rescue.rb:29:in `process_action'
  actionpack (4.1.8) lib/action_controller/metal/instrumentation.rb:31:in `block in process_action'
  activesupport (4.1.8) lib/active_support/notifications.rb:159:in `block in instrument'
  activesupport (4.1.8) lib/active_support/notifications/instrumenter.rb:20:in `instrument'
  activesupport (4.1.8) lib/active_support/notifications.rb:159:in `instrument'
  actionpack (4.1.8) lib/action_controller/metal/instrumentation.rb:30:in `process_action'
  actionpack (4.1.8) lib/action_controller/metal/params_wrapper.rb:250:in `process_action'
  activerecord (4.1.8) lib/active_record/railties/controller_runtime.rb:18:in `process_action'
  actionpack (4.1.8) lib/abstract_controller/base.rb:136:in `process'
  actionview (4.1.8) lib/action_view/rendering.rb:30:in `process'
  actionpack (4.1.8) lib/action_controller/metal.rb:196:in `dispatch'
  actionpack (4.1.8) lib/action_controller/metal/rack_delegation.rb:13:in `dispatch'
  actionpack (4.1.8) lib/action_controller/metal.rb:232:in `block in action'
  actionpack (4.1.8) lib/action_dispatch/routing/route_set.rb:82:in `call'
  actionpack (4.1.8) lib/action_dispatch/routing/route_set.rb:82:in `dispatch'
  actionpack (4.1.8) lib/action_dispatch/routing/route_set.rb:50:in `call'
  actionpack (4.1.8) lib/action_dispatch/journey/router.rb:73:in `block in call'
  actionpack (4.1.8) lib/action_dispatch/journey/router.rb:59:in `each'
  actionpack (4.1.8) lib/action_dispatch/journey/router.rb:59:in `call'
  actionpack (4.1.8) lib/action_dispatch/routing/route_set.rb:678:in `call'
  rack (1.5.2) lib/rack/etag.rb:23:in `call'
  rack (1.5.2) lib/rack/conditionalget.rb:35:in `call'
  rack (1.5.2) lib/rack/head.rb:11:in `call'
  actionpack (4.1.8) lib/action_dispatch/middleware/params_parser.rb:27:in `call'
  actionpack (4.1.8) lib/action_dispatch/middleware/flash.rb:254:in `call'
  rack (1.5.2) lib/rack/session/abstract/id.rb:225:in `context'
  rack (1.5.2) lib/rack/session/abstract/id.rb:220:in `call'
  actionpack (4.1.8) lib/action_dispatch/middleware/cookies.rb:560:in `call'
  activerecord (4.1.8) lib/active_record/query_cache.rb:36:in `call'
  activerecord (4.1.8) lib/active_record/connection_adapters/abstract/connection_pool.rb:621:in `call'
  activerecord (4.1.8) lib/active_record/migration.rb:380:in `call'
  actionpack (4.1.8) lib/action_dispatch/middleware/callbacks.rb:29:in `block in call'
  activesupport (4.1.8) lib/active_support/callbacks.rb:82:in `run_callbacks'
  actionpack (4.1.8) lib/action_dispatch/middleware/callbacks.rb:27:in `call'
  actionpack (4.1.8) lib/action_dispatch/middleware/reloader.rb:73:in `call'
  actionpack (4.1.8) lib/action_dispatch/middleware/remote_ip.rb:76:in `call'
  web-console (2.0.0) lib/action_dispatch/debug_exceptions.rb:18:in `middleware_call'
  web-console (2.0.0) lib/action_dispatch/debug_exceptions.rb:13:in `call'
  actionpack (4.1.8) lib/action_dispatch/middleware/show_exceptions.rb:30:in `call'
  railties (4.1.8) lib/rails/rack/logger.rb:38:in `call_app'
  railties (4.1.8) lib/rails/rack/logger.rb:20:in `block in call'
  activesupport (4.1.8) lib/active_support/tagged_logging.rb:68:in `block in tagged'
  activesupport (4.1.8) lib/active_support/tagged_logging.rb:26:in `tagged'
  activesupport (4.1.8) lib/active_support/tagged_logging.rb:68:in `tagged'
  railties (4.1.8) lib/rails/rack/logger.rb:20:in `call'
  actionpack (4.1.8) lib/action_dispatch/middleware/request_id.rb:21:in `call'
  rack (1.5.2) lib/rack/methodoverride.rb:21:in `call'
  rack (1.5.2) lib/rack/runtime.rb:17:in `call'
  activesupport (4.1.8) lib/active_support/cache/strategy/local_cache_middleware.rb:26:in `call'
  rack (1.5.2) lib/rack/lock.rb:17:in `call'
  actionpack (4.1.8) lib/action_dispatch/middleware/static.rb:84:in `call'
  rack (1.5.2) lib/rack/sendfile.rb:112:in `call'
  railties (4.1.8) lib/rails/engine.rb:514:in `call'
  railties (4.1.8) lib/rails/application.rb:144:in `call'
  rack (1.5.2) lib/rack/content_length.rb:14:in `call'
  puma (2.11.1) lib/puma/server.rb:507:in `handle_request'
  puma (2.11.1) lib/puma/server.rb:375:in `process_client'
  puma (2.11.1) lib/puma/server.rb:262:in `block in run'
  puma (2.11.1) lib/puma/thread_pool.rb:104:in `call'
  puma (2.11.1) lib/puma/thread_pool.rb:104:in `block in spawn_thread'


  Rendered /home/andrewrennie/.rvm/gems/ruby-2.1.5/gems/web-console-2.0.0/lib/action_dispatch/templates/rescues/_source.erb (43.4ms)
  Rendered /home/andrewrennie/.rvm/gems/ruby-2.1.5/gems/web-console-2.0.0/lib/action_dispatch/templates/rescues/_trace.html.erb (15.8ms)
  Rendered /home/andrewrennie/.rvm/gems/ruby-2.1.5/gems/web-console-2.0.0/lib/action_dispatch/templates/rescues/_request_and_response.html.erb (3.6ms)
  Rendered /home/andrewrennie/.rvm/gems/ruby-2.1.5/gems/web-console-2.0.0/lib/action_dispatch/templates/rescues/_web_console.html.erb (3.8ms)
  Rendered /home/andrewrennie/.rvm/gems/ruby-2.1.5/gems/web-console-2.0.0/lib/action_dispatch/templates/rescues/missing_template.html.erb within rescues/layout (128.1ms)


Started GET "/admin/index" for 127.0.0.1 at 2015-02-24 06:50:59 +0000

SyntaxError (/home/andrewrennie/RailsProjects/jarvis/app/controllers/admin_controller.rb:23: syntax error, unexpected tIDENTIFIER, expecting ')'
  u.username= params[:user][:username]
   ^):
  app/controllers/admin_controller.rb:23: syntax error, unexpected tIDENTIFIER, expecting ')'


  Rendered /home/andrewrennie/.rvm/gems/ruby-2.1.5/gems/web-console-2.0.0/lib/action_dispatch/templates/rescues/_source.erb (28.1ms)
  Rendered /home/andrewrennie/.rvm/gems/ruby-2.1.5/gems/web-console-2.0.0/lib/action_dispatch/templates/rescues/_trace.html.erb (11.9ms)
  Rendered /home/andrewrennie/.rvm/gems/ruby-2.1.5/gems/web-console-2.0.0/lib/action_dispatch/templates/rescues/_request_and_response.html.erb (4.2ms)
  Rendered /home/andrewrennie/.rvm/gems/ruby-2.1.5/gems/web-console-2.0.0/lib/action_dispatch/templates/rescues/_web_console.html.erb (3.9ms)
  Rendered /home/andrewrennie/.rvm/gems/ruby-2.1.5/gems/web-console-2.0.0/lib/action_dispatch/templates/rescues/diagnostics.html.erb within rescues/layout (105.9ms)


Started GET "/admin/index" for 127.0.0.1 at 2015-02-24 06:50:59 +0000

SyntaxError (/home/andrewrennie/RailsProjects/jarvis/app/controllers/admin_controller.rb:23: syntax error, unexpected tIDENTIFIER, expecting ')'
  u.username= params[:user][:username]
   ^):
  app/controllers/admin_controller.rb:23: syntax error, unexpected tIDENTIFIER, expecting ')'


  Rendered /home/andrewrennie/.rvm/gems/ruby-2.1.5/gems/web-console-2.0.0/lib/action_dispatch/templates/rescues/_source.erb (28.4ms)
  Rendered /home/andrewrennie/.rvm/gems/ruby-2.1.5/gems/web-console-2.0.0/lib/action_dispatch/templates/rescues/_trace.html.erb (11.8ms)
  Rendered /home/andrewrennie/.rvm/gems/ruby-2.1.5/gems/web-console-2.0.0/lib/action_dispatch/templates/rescues/_request_and_response.html.erb (3.8ms)
  Rendered /home/andrewrennie/.rvm/gems/ruby-2.1.5/gems/web-console-2.0.0/lib/action_dispatch/templates/rescues/_web_console.html.erb (3.8ms)
  Rendered /home/andrewrennie/.rvm/gems/ruby-2.1.5/gems/web-console-2.0.0/lib/action_dispatch/templates/rescues/diagnostics.html.erb within rescues/layout (107.7ms)


Started GET "/admin/index" for 127.0.0.1 at 2015-02-24 06:51:20 +0000
Processing by AdminController#index as HTML
  [1m[35mUser Load (0.4ms)[0m  SELECT  `users`.* FROM `users`  WHERE `users`.`id` = 1 LIMIT 1
  Rendered admin/index.html.erb within layouts/application (6.8ms)
Completed 200 OK in 302ms (Views: 257.8ms | ActiveRecord: 3.4ms)


Started GET "/assets/bootstrap.css?body=1" for 127.0.0.1 at 2015-02-24 06:51:20 +0000


Started GET "/assets/pages.css?body=1" for 127.0.0.1 at 2015-02-24 06:51:20 +0000


Started GET "/assets/todos.css?body=1" for 127.0.0.1 at 2015-02-24 06:51:20 +0000


Started GET "/assets/jquery.js?body=1" for 127.0.0.1 at 2015-02-24 06:51:20 +0000


Started GET "/assets/application.css?body=1" for 127.0.0.1 at 2015-02-24 06:51:20 +0000


Started GET "/assets/turbolinks.js?body=1" for 127.0.0.1 at 2015-02-24 06:51:20 +0000


Started GET "/assets/todos.js?body=1" for 127.0.0.1 at 2015-02-24 06:51:20 +0000


Started GET "/assets/jquery_ujs.js?body=1" for 127.0.0.1 at 2015-02-24 06:51:20 +0000


Started GET "/assets/bootstrap.js?body=1" for 127.0.0.1 at 2015-02-24 06:51:20 +0000


Started GET "/assets/pages.js?body=1" for 127.0.0.1 at 2015-02-24 06:51:20 +0000


Started GET "/assets/application.js?body=1" for 127.0.0.1 at 2015-02-24 06:51:20 +0000


Started PATCH "/admin/updateuser" for 127.0.0.1 at 2015-02-24 06:51:24 +0000
Processing by AdminController#updateuser as HTML
  Parameters: {"utf8"=>"✓", "authenticity_token"=>"92ua9m/h4vk2LuN5uqsFUXEb9Mak0tcuPOCLsZbPsXo=", "user"=>{"username"=>"test", "email"=>"test@test.test"}, "commit"=>"Update Details"}
  [1m[36mUser Load (1.6ms)[0m  [1mSELECT  `users`.* FROM `users`  WHERE `users`.`id` = 1 LIMIT 1[0m
  [1m[35m (0.3ms)[0m  BEGIN
  [1m[36mSQL (0.9ms)[0m  [1mUPDATE `users` SET `password_hash` = '$2a$10$WQKP5pS1ex5frqmtmgBy2uUunGlMai061a.L6T/i82qO1CUQCQqMq', `password_salt` = '$2a$10$WQKP5pS1ex5frqmtmgBy2u', `updated_at` = '2015-02-24 06:51:24' WHERE `users`.`id` = 1[0m
  [1m[35m (44.3ms)[0m  COMMIT
Redirected to http://localhost:3000/admin/index
Completed 302 Found in 365ms (ActiveRecord: 47.0ms)


Started GET "/admin/index" for 127.0.0.1 at 2015-02-24 06:51:24 +0000
Processing by AdminController#index as HTML
  [1m[36mUser Load (0.7ms)[0m  [1mSELECT  `users`.* FROM `users`  WHERE `users`.`id` = 1 LIMIT 1[0m
  Rendered admin/index.html.erb within layouts/application (4.1ms)
Completed 200 OK in 286ms (Views: 282.2ms | ActiveRecord: 0.7ms)


Started GET "/assets/bootstrap.css?body=1" for 127.0.0.1 at 2015-02-24 06:51:24 +0000


Started GET "/assets/pages.css?body=1" for 127.0.0.1 at 2015-02-24 06:51:24 +0000


Started GET "/assets/todos.css?body=1" for 127.0.0.1 at 2015-02-24 06:51:24 +0000


Started GET "/assets/pages.js?body=1" for 127.0.0.1 at 2015-02-24 06:51:24 +0000


Started GET "/assets/application.css?body=1" for 127.0.0.1 at 2015-02-24 06:51:24 +0000


Started GET "/assets/jquery.js?body=1" for 127.0.0.1 at 2015-02-24 06:51:24 +0000


Started GET "/assets/jquery_ujs.js?body=1" for 127.0.0.1 at 2015-02-24 06:51:24 +0000


Started GET "/assets/bootstrap.js?body=1" for 127.0.0.1 at 2015-02-24 06:51:24 +0000


Started GET "/assets/turbolinks.js?body=1" for 127.0.0.1 at 2015-02-24 06:51:24 +0000


Started GET "/assets/todos.js?body=1" for 127.0.0.1 at 2015-02-24 06:51:24 +0000


Started GET "/assets/application.js?body=1" for 127.0.0.1 at 2015-02-24 06:51:24 +0000


Started PATCH "/admin/updateuser" for 127.0.0.1 at 2015-02-24 06:51:30 +0000
Processing by AdminController#updateuser as HTML
  Parameters: {"utf8"=>"✓", "authenticity_token"=>"92ua9m/h4vk2LuN5uqsFUXEb9Mak0tcuPOCLsZbPsXo=", "user"=>{"username"=>"testing", "email"=>"test@test.test"}, "commit"=>"Update Details"}
  [1m[35mUser Load (0.3ms)[0m  SELECT  `users`.* FROM `users`  WHERE `users`.`id` = 1 LIMIT 1
  [1m[36m (0.3ms)[0m  [1mBEGIN[0m
  [1m[35mSQL (0.8ms)[0m  UPDATE `users` SET `password_hash` = '$2a$10$iqRcs9i2icYXDAtIpsbmuOOSxm4Zdd5RYtWBxSo4YCZlFgVpcq7zK', `password_salt` = '$2a$10$iqRcs9i2icYXDAtIpsbmuO', `updated_at` = '2015-02-24 06:51:30', `username` = 'testing' WHERE `users`.`id` = 1
  [1m[36m (45.7ms)[0m  [1mCOMMIT[0m
Redirected to http://localhost:3000/admin/index
Completed 302 Found in 363ms (ActiveRecord: 47.1ms)


Started GET "/admin/index" for 127.0.0.1 at 2015-02-24 06:51:30 +0000
Processing by AdminController#index as HTML
  [1m[35mUser Load (0.7ms)[0m  SELECT  `users`.* FROM `users`  WHERE `users`.`id` = 1 LIMIT 1
  Rendered admin/index.html.erb within layouts/application (3.8ms)
Completed 200 OK in 263ms (Views: 258.7ms | ActiveRecord: 0.7ms)


Started GET "/assets/bootstrap.css?body=1" for 127.0.0.1 at 2015-02-24 06:51:31 +0000


Started GET "/assets/turbolinks.js?body=1" for 127.0.0.1 at 2015-02-24 06:51:31 +0000


Started GET "/assets/pages.css?body=1" for 127.0.0.1 at 2015-02-24 06:51:31 +0000


Started GET "/assets/todos.css?body=1" for 127.0.0.1 at 2015-02-24 06:51:31 +0000


Started GET "/assets/application.css?body=1" for 127.0.0.1 at 2015-02-24 06:51:31 +0000


Started GET "/assets/jquery.js?body=1" for 127.0.0.1 at 2015-02-24 06:51:31 +0000


Started GET "/assets/jquery_ujs.js?body=1" for 127.0.0.1 at 2015-02-24 06:51:31 +0000


Started GET "/assets/pages.js?body=1" for 127.0.0.1 at 2015-02-24 06:51:31 +0000


Started GET "/assets/bootstrap.js?body=1" for 127.0.0.1 at 2015-02-24 06:51:31 +0000


Started GET "/assets/application.js?body=1" for 127.0.0.1 at 2015-02-24 06:51:31 +0000


Started GET "/assets/todos.js?body=1" for 127.0.0.1 at 2015-02-24 06:51:31 +0000


Started PATCH "/admin/updateuser" for 127.0.0.1 at 2015-02-24 06:51:52 +0000
Processing by AdminController#updateuser as HTML
  Parameters: {"utf8"=>"✓", "authenticity_token"=>"92ua9m/h4vk2LuN5uqsFUXEb9Mak0tcuPOCLsZbPsXo=", "user"=>{"username"=>"test", "email"=>"test@test.test"}, "commit"=>"Update Details"}
  [1m[36mUser Load (3.8ms)[0m  [1mSELECT  `users`.* FROM `users`  WHERE `users`.`id` = 1 LIMIT 1[0m
  [1m[35m (0.3ms)[0m  BEGIN
  [1m[36mSQL (0.8ms)[0m  [1mUPDATE `users` SET `password_hash` = '$2a$10$9IyTMQPsRLfppSCdVDqWO.3HAypMk/VrhMww2oNhp9pY9dNqwzTj6', `password_salt` = '$2a$10$9IyTMQPsRLfppSCdVDqWO.', `updated_at` = '2015-02-24 06:51:52', `username` = 'test' WHERE `users`.`id` = 1[0m
  [1m[35m (130.5ms)[0m  COMMIT
Redirected to http://localhost:3000/admin/index
Completed 302 Found in 455ms (ActiveRecord: 135.4ms)


Started GET "/admin/index" for 127.0.0.1 at 2015-02-24 06:51:52 +0000
Processing by AdminController#index as HTML
  [1m[36mUser Load (0.7ms)[0m  [1mSELECT  `users`.* FROM `users`  WHERE `users`.`id` = 1 LIMIT 1[0m
  Rendered admin/index.html.erb within layouts/application (3.7ms)
Completed 200 OK in 270ms (Views: 265.6ms | ActiveRecord: 0.7ms)


Started GET "/assets/bootstrap.css?body=1" for 127.0.0.1 at 2015-02-24 06:51:53 +0000


Started GET "/assets/pages.css?body=1" for 127.0.0.1 at 2015-02-24 06:51:53 +0000


Started GET "/assets/todos.css?body=1" for 127.0.0.1 at 2015-02-24 06:51:53 +0000


Started GET "/assets/application.css?body=1" for 127.0.0.1 at 2015-02-24 06:51:53 +0000


Started GET "/assets/jquery.js?body=1" for 127.0.0.1 at 2015-02-24 06:51:53 +0000


Started GET "/assets/jquery_ujs.js?body=1" for 127.0.0.1 at 2015-02-24 06:51:53 +0000


Started GET "/assets/turbolinks.js?body=1" for 127.0.0.1 at 2015-02-24 06:51:53 +0000


Started GET "/assets/pages.js?body=1" for 127.0.0.1 at 2015-02-24 06:51:53 +0000


Started GET "/assets/todos.js?body=1" for 127.0.0.1 at 2015-02-24 06:51:53 +0000


Started GET "/assets/application.js?body=1" for 127.0.0.1 at 2015-02-24 06:51:53 +0000


Started GET "/assets/bootstrap.js?body=1" for 127.0.0.1 at 2015-02-24 06:51:53 +0000


Started GET "/" for 127.0.0.1 at 2015-02-24 20:33:16 +0000
  [1m[36mActiveRecord::SchemaMigration Load (0.7ms)[0m  [1mSELECT `schema_migrations`.* FROM `schema_migrations`[0m
Processing by HomeController#index as HTML
  Rendered home/index.html.erb within layouts/application (19.4ms)
Completed 200 OK in 560ms (Views: 506.8ms | ActiveRecord: 0.0ms)


Started GET "/assets/bootstrap.css?body=1" for 127.0.0.1 at 2015-02-24 20:33:17 +0000


Started GET "/assets/pages.css?body=1" for 127.0.0.1 at 2015-02-24 20:33:17 +0000


Started GET "/assets/todos.css?body=1" for 127.0.0.1 at 2015-02-24 20:33:17 +0000


Started GET "/assets/application.css?body=1" for 127.0.0.1 at 2015-02-24 20:33:17 +0000


Started GET "/assets/jquery.js?body=1" for 127.0.0.1 at 2015-02-24 20:33:17 +0000


Started GET "/assets/jquery_ujs.js?body=1" for 127.0.0.1 at 2015-02-24 20:33:17 +0000


Started GET "/assets/bootstrap.js?body=1" for 127.0.0.1 at 2015-02-24 20:33:17 +0000


Started GET "/assets/pages.js?body=1" for 127.0.0.1 at 2015-02-24 20:33:17 +0000


Started GET "/assets/turbolinks.js?body=1" for 127.0.0.1 at 2015-02-24 20:33:17 +0000


Started GET "/assets/application.js?body=1" for 127.0.0.1 at 2015-02-24 20:33:17 +0000


Started GET "/assets/todos.js?body=1" for 127.0.0.1 at 2015-02-24 20:33:17 +0000


Started POST "/login" for 127.0.0.1 at 2015-02-24 20:33:29 +0000
Processing by SessionsController#create as HTML
  Parameters: {"utf8"=>"✓", "authenticity_token"=>"5ryuzEYqxiIuxaEdPx60Fzp3UzOToOqotBe2GiTxznA=", "username"=>"test", "password"=>"[FILTERED]", "commit"=>"Login"}
  [1m[35mUser Load (1.8ms)[0m  SELECT  `users`.* FROM `users`  WHERE `users`.`username` = 'test'  ORDER BY `users`.`id` ASC LIMIT 1
Redirected to http://localhost:3000/login
Completed 302 Found in 478ms (ActiveRecord: 5.4ms)


Started GET "/login" for 127.0.0.1 at 2015-02-24 20:33:29 +0000
Processing by SessionsController#new as HTML
  Rendered sessions/new.html.erb within layouts/application (4.2ms)
Completed 200 OK in 292ms (Views: 289.9ms | ActiveRecord: 0.0ms)


Started GET "/assets/bootstrap.css?body=1" for 127.0.0.1 at 2015-02-24 20:33:30 +0000


Started GET "/assets/application.css?body=1" for 127.0.0.1 at 2015-02-24 20:33:30 +0000


Started GET "/assets/pages.css?body=1" for 127.0.0.1 at 2015-02-24 20:33:30 +0000


Started GET "/assets/turbolinks.js?body=1" for 127.0.0.1 at 2015-02-24 20:33:30 +0000


Started GET "/assets/jquery.js?body=1" for 127.0.0.1 at 2015-02-24 20:33:30 +0000


Started GET "/assets/todos.css?body=1" for 127.0.0.1 at 2015-02-24 20:33:30 +0000


Started GET "/assets/jquery_ujs.js?body=1" for 127.0.0.1 at 2015-02-24 20:33:30 +0000


Started GET "/assets/pages.js?body=1" for 127.0.0.1 at 2015-02-24 20:33:30 +0000


Started GET "/assets/application.js?body=1" for 127.0.0.1 at 2015-02-24 20:33:30 +0000


Started GET "/assets/todos.js?body=1" for 127.0.0.1 at 2015-02-24 20:33:30 +0000


Started GET "/assets/bootstrap.js?body=1" for 127.0.0.1 at 2015-02-24 20:33:30 +0000


Started POST "/login" for 127.0.0.1 at 2015-02-24 20:33:33 +0000
Processing by SessionsController#create as HTML
  Parameters: {"utf8"=>"✓", "authenticity_token"=>"5ryuzEYqxiIuxaEdPx60Fzp3UzOToOqotBe2GiTxznA=", "username"=>"test@test.test", "password"=>"[FILTERED]", "commit"=>"Login"}
  [1m[36mUser Load (0.8ms)[0m  [1mSELECT  `users`.* FROM `users`  WHERE `users`.`username` = 'test@test.test'  ORDER BY `users`.`id` ASC LIMIT 1[0m
Redirected to http://localhost:3000/login
Completed 302 Found in 6ms (ActiveRecord: 0.8ms)


Started GET "/login" for 127.0.0.1 at 2015-02-24 20:33:33 +0000
Processing by SessionsController#new as HTML
  Rendered sessions/new.html.erb within layouts/application (3.0ms)
Completed 200 OK in 254ms (Views: 252.2ms | ActiveRecord: 0.0ms)


Started GET "/assets/bootstrap.css?body=1" for 127.0.0.1 at 2015-02-24 20:33:34 +0000


Started GET "/assets/jquery.js?body=1" for 127.0.0.1 at 2015-02-24 20:33:34 +0000


Started GET "/assets/pages.css?body=1" for 127.0.0.1 at 2015-02-24 20:33:34 +0000


Started GET "/assets/todos.css?body=1" for 127.0.0.1 at 2015-02-24 20:33:34 +0000


Started GET "/assets/jquery_ujs.js?body=1" for 127.0.0.1 at 2015-02-24 20:33:34 +0000


Started GET "/assets/application.css?body=1" for 127.0.0.1 at 2015-02-24 20:33:34 +0000


Started GET "/assets/bootstrap.js?body=1" for 127.0.0.1 at 2015-02-24 20:33:34 +0000


Started GET "/assets/pages.js?body=1" for 127.0.0.1 at 2015-02-24 20:33:34 +0000


Started GET "/assets/turbolinks.js?body=1" for 127.0.0.1 at 2015-02-24 20:33:34 +0000


Started GET "/assets/application.js?body=1" for 127.0.0.1 at 2015-02-24 20:33:34 +0000


Started GET "/assets/todos.js?body=1" for 127.0.0.1 at 2015-02-24 20:33:34 +0000


Started POST "/login" for 127.0.0.1 at 2015-02-24 20:33:40 +0000
Processing by SessionsController#create as HTML
  Parameters: {"utf8"=>"✓", "authenticity_token"=>"5ryuzEYqxiIuxaEdPx60Fzp3UzOToOqotBe2GiTxznA=", "username"=>"test", "password"=>"[FILTERED]", "commit"=>"Login"}
  [1m[35mUser Load (0.4ms)[0m  SELECT  `users`.* FROM `users`  WHERE `users`.`username` = 'test'  ORDER BY `users`.`id` ASC LIMIT 1
Redirected to http://localhost:3000/login
Completed 302 Found in 321ms (ActiveRecord: 0.4ms)


Started GET "/login" for 127.0.0.1 at 2015-02-24 20:33:40 +0000
Processing by SessionsController#new as HTML
  Rendered sessions/new.html.erb within layouts/application (2.0ms)
Completed 200 OK in 251ms (Views: 246.7ms | ActiveRecord: 0.0ms)


Started GET "/assets/bootstrap.css?body=1" for 127.0.0.1 at 2015-02-24 20:33:41 +0000


Started GET "/assets/pages.css?body=1" for 127.0.0.1 at 2015-02-24 20:33:41 +0000


Started GET "/assets/bootstrap.js?body=1" for 127.0.0.1 at 2015-02-24 20:33:41 +0000


Started GET "/assets/turbolinks.js?body=1" for 127.0.0.1 at 2015-02-24 20:33:41 +0000


Started GET "/assets/jquery.js?body=1" for 127.0.0.1 at 2015-02-24 20:33:41 +0000


Started GET "/assets/application.css?body=1" for 127.0.0.1 at 2015-02-24 20:33:41 +0000


Started GET "/assets/jquery_ujs.js?body=1" for 127.0.0.1 at 2015-02-24 20:33:41 +0000


Started GET "/assets/todos.css?body=1" for 127.0.0.1 at 2015-02-24 20:33:41 +0000


Started GET "/assets/application.js?body=1" for 127.0.0.1 at 2015-02-24 20:33:41 +0000


Started GET "/assets/todos.js?body=1" for 127.0.0.1 at 2015-02-24 20:33:41 +0000


Started GET "/assets/pages.js?body=1" for 127.0.0.1 at 2015-02-24 20:33:41 +0000


Started GET "/users/new" for 127.0.0.1 at 2015-02-24 20:33:49 +0000
Processing by UsersController#new as HTML
  Rendered users/new.html.erb within layouts/application (90.0ms)
Completed 200 OK in 359ms (Views: 355.7ms | ActiveRecord: 0.0ms)


Started POST "/users" for 127.0.0.1 at 2015-02-24 20:34:04 +0000
Processing by UsersController#create as HTML
  Parameters: {"utf8"=>"✓", "authenticity_token"=>"5ryuzEYqxiIuxaEdPx60Fzp3UzOToOqotBe2GiTxznA=", "user"=>{"username"=>"testing", "email"=>"test", "password"=>"[FILTERED]", "password_confirmation"=>"[FILTERED]"}, "commit"=>"Sign Up"}
Unpermitted parameters: password_confirmation
  [1m[36m (13.8ms)[0m  [1mBEGIN[0m
  [1m[35mSQL (0.7ms)[0m  INSERT INTO `users` (`created_at`, `email`, `password_hash`, `password_salt`, `updated_at`, `username`) VALUES ('2015-02-24 20:34:04', 'test', '$2a$10$CBkuEIyyIXz13Gh.GwqtDu8HT6tJMBII3vMHcP6fLHpAcUW9hSYJi', '$2a$10$CBkuEIyyIXz13Gh.GwqtDu', '2015-02-24 20:34:04', 'testing')
  [1m[36m (41.6ms)[0m  [1mCOMMIT[0m
Redirected to http://localhost:3000/todos/index
Completed 302 Found in 369ms (ActiveRecord: 56.1ms)


Started GET "/todos/index" for 127.0.0.1 at 2015-02-24 20:34:04 +0000
Processing by TodosController#index as HTML
  [1m[35m (25.4ms)[0m  UPDATE todos set todos.todo_urgence = 10/((todos.todo_deadline - curdate()) - todos.todo_timeremaining/8) WHERE todos.todo_complete = false or todos.todo_complete is null
  [1m[36mSQL (0.6ms)[0m  [1mUPDATE `todos` SET `todos`.`todo_urgence` = 11 WHERE (todo_urgence < 0 and user_id = 2)[0m
  [1m[35mSQL (0.5ms)[0m  UPDATE `todos` SET `todos`.`todo_complete` = 0 WHERE (todo_complete is null)
  [1m[36mSQL (0.4ms)[0m  [1mUPDATE `todos` SET `todos`.`todo_urgence` = 0 WHERE (todo_complete is true AND todo_deadline < curdate() and user_id = 2)[0m
  [1m[35mTodo Load (1.0ms)[0m  SELECT `todos`.* FROM `todos`  WHERE (user_id = 2) AND (todos.todo_category<>'Personal' AND todo_urgence>0 AND (todo_urgence >= 11 OR todo_deadline = curdate()))  ORDER BY todo_complete ASC, (todo_urgence + todo_importance) DESC, todo_item ASC
  [1m[36mTodo Load (0.7ms)[0m  [1mSELECT `todos`.* FROM `todos`  WHERE (user_id = 2) AND (todos.todo_category<>'Personal' and todos.todo_deadline > curdate() and todos.todo_deadline < ADDDATE(SUBDATE(curdate(), interval DAYOFWEEK(CURDATE()) - 1 DAY), INTERVAL 1 WEEK))[0m
  [1m[35m (0.6ms)[0m  SELECT COUNT(*) FROM `todos`  WHERE (user_id = 2) AND (todos.todo_category='Personal' and (todos.todo_complete = False or todos.updated_at>=curdate() or todos.todo_complete is null))
  Rendered todos/index.html.erb within layouts/application (68.8ms)
Completed 200 OK in 439ms (Views: 386.1ms | ActiveRecord: 33.3ms)


Started GET "/assets/bootstrap.css?body=1" for 127.0.0.1 at 2015-02-24 20:34:05 +0000


Started GET "/assets/pages.css?body=1" for 127.0.0.1 at 2015-02-24 20:34:05 +0000


Started GET "/assets/todos.css?body=1" for 127.0.0.1 at 2015-02-24 20:34:05 +0000


Started GET "/assets/application.css?body=1" for 127.0.0.1 at 2015-02-24 20:34:05 +0000


Started GET "/assets/jquery_ujs.js?body=1" for 127.0.0.1 at 2015-02-24 20:34:05 +0000


Started GET "/assets/turbolinks.js?body=1" for 127.0.0.1 at 2015-02-24 20:34:05 +0000


Started GET "/assets/bootstrap.js?body=1" for 127.0.0.1 at 2015-02-24 20:34:05 +0000


Started GET "/assets/jquery.js?body=1" for 127.0.0.1 at 2015-02-24 20:34:05 +0000


Started GET "/assets/pages.js?body=1" for 127.0.0.1 at 2015-02-24 20:34:05 +0000


Started GET "/assets/todos.js?body=1" for 127.0.0.1 at 2015-02-24 20:34:05 +0000


Started GET "/assets/application.js?body=1" for 127.0.0.1 at 2015-02-24 20:34:05 +0000


Started GET "/admin/index" for 127.0.0.1 at 2015-02-24 20:34:07 +0000

SyntaxError (/home/andrewrennie/RailsProjects/jarvis/app/controllers/admin_controller.rb:21: syntax error, unexpected <<
<<<<<<< HEAD
  ^
/home/andrewrennie/RailsProjects/jarvis/app/controllers/admin_controller.rb:26: syntax error, unexpected ===, expecting keyword_end
=======
   ^
/home/andrewrennie/RailsProjects/jarvis/app/controllers/admin_controller.rb:43: syntax error, unexpected ===, expecting keyword_end
=======
   ^):
  app/controllers/admin_controller.rb:21: syntax error, unexpected <<
  app/controllers/admin_controller.rb:26: syntax error, unexpected ===, expecting keyword_end
  app/controllers/admin_controller.rb:43: syntax error, unexpected ===, expecting keyword_end


  Rendered /home/andrewrennie/.rvm/gems/ruby-2.1.5/gems/web-console-2.0.0/lib/action_dispatch/templates/rescues/_source.erb (28.2ms)
  Rendered /home/andrewrennie/.rvm/gems/ruby-2.1.5/gems/web-console-2.0.0/lib/action_dispatch/templates/rescues/_trace.html.erb (12.0ms)
  Rendered /home/andrewrennie/.rvm/gems/ruby-2.1.5/gems/web-console-2.0.0/lib/action_dispatch/templates/rescues/_request_and_response.html.erb (4.2ms)
  Rendered /home/andrewrennie/.rvm/gems/ruby-2.1.5/gems/web-console-2.0.0/lib/action_dispatch/templates/rescues/_web_console.html.erb (4.0ms)
  Rendered /home/andrewrennie/.rvm/gems/ruby-2.1.5/gems/web-console-2.0.0/lib/action_dispatch/templates/rescues/diagnostics.html.erb within rescues/layout (114.1ms)


Started GET "/admin/index" for 127.0.0.1 at 2015-02-24 20:34:07 +0000

SyntaxError (/home/andrewrennie/RailsProjects/jarvis/app/controllers/admin_controller.rb:21: syntax error, unexpected <<
<<<<<<< HEAD
  ^
/home/andrewrennie/RailsProjects/jarvis/app/controllers/admin_controller.rb:26: syntax error, unexpected ===, expecting keyword_end
=======
   ^
/home/andrewrennie/RailsProjects/jarvis/app/controllers/admin_controller.rb:43: syntax error, unexpected ===, expecting keyword_end
=======
   ^):
  app/controllers/admin_controller.rb:21: syntax error, unexpected <<
  app/controllers/admin_controller.rb:26: syntax error, unexpected ===, expecting keyword_end
  app/controllers/admin_controller.rb:43: syntax error, unexpected ===, expecting keyword_end


  Rendered /home/andrewrennie/.rvm/gems/ruby-2.1.5/gems/web-console-2.0.0/lib/action_dispatch/templates/rescues/_source.erb (27.5ms)
  Rendered /home/andrewrennie/.rvm/gems/ruby-2.1.5/gems/web-console-2.0.0/lib/action_dispatch/templates/rescues/_trace.html.erb (11.6ms)
  Rendered /home/andrewrennie/.rvm/gems/ruby-2.1.5/gems/web-console-2.0.0/lib/action_dispatch/templates/rescues/_request_and_response.html.erb (4.0ms)
  Rendered /home/andrewrennie/.rvm/gems/ruby-2.1.5/gems/web-console-2.0.0/lib/action_dispatch/templates/rescues/_web_console.html.erb (3.5ms)
  Rendered /home/andrewrennie/.rvm/gems/ruby-2.1.5/gems/web-console-2.0.0/lib/action_dispatch/templates/rescues/diagnostics.html.erb within rescues/layout (103.4ms)


Started GET "/admin/index" for 127.0.0.1 at 2015-02-24 20:34:08 +0000

SyntaxError (/home/andrewrennie/RailsProjects/jarvis/app/controllers/admin_controller.rb:21: syntax error, unexpected <<
<<<<<<< HEAD
  ^
/home/andrewrennie/RailsProjects/jarvis/app/controllers/admin_controller.rb:26: syntax error, unexpected ===, expecting keyword_end
=======
   ^
/home/andrewrennie/RailsProjects/jarvis/app/controllers/admin_controller.rb:43: syntax error, unexpected ===, expecting keyword_end
=======
   ^):
  app/controllers/admin_controller.rb:21: syntax error, unexpected <<
  app/controllers/admin_controller.rb:26: syntax error, unexpected ===, expecting keyword_end
  app/controllers/admin_controller.rb:43: syntax error, unexpected ===, expecting keyword_end


  Rendered /home/andrewrennie/.rvm/gems/ruby-2.1.5/gems/web-console-2.0.0/lib/action_dispatch/templates/rescues/_source.erb (30.2ms)
  Rendered /home/andrewrennie/.rvm/gems/ruby-2.1.5/gems/web-console-2.0.0/lib/action_dispatch/templates/rescues/_trace.html.erb (13.1ms)
  Rendered /home/andrewrennie/.rvm/gems/ruby-2.1.5/gems/web-console-2.0.0/lib/action_dispatch/templates/rescues/_request_and_response.html.erb (4.3ms)
  Rendered /home/andrewrennie/.rvm/gems/ruby-2.1.5/gems/web-console-2.0.0/lib/action_dispatch/templates/rescues/_web_console.html.erb (4.2ms)
  Rendered /home/andrewrennie/.rvm/gems/ruby-2.1.5/gems/web-console-2.0.0/lib/action_dispatch/templates/rescues/diagnostics.html.erb within rescues/layout (115.9ms)


Started GET "/" for 127.0.0.1 at 2015-02-24 21:01:26 +0000
Processing by HomeController#index as HTML
Redirected to http://localhost:3000/todos/index
Completed 302 Found in 4ms (ActiveRecord: 0.0ms)


Started GET "/todos/index" for 127.0.0.1 at 2015-02-24 21:01:26 +0000
Processing by TodosController#index as HTML
  [1m[36m (0.6ms)[0m  [1mUPDATE todos set todos.todo_urgence = 10/((todos.todo_deadline - curdate()) - todos.todo_timeremaining/8) WHERE todos.todo_complete = false or todos.todo_complete is null[0m
  [1m[35mSQL (0.4ms)[0m  UPDATE `todos` SET `todos`.`todo_urgence` = 11 WHERE (todo_urgence < 0 and user_id = 2)
  [1m[36mSQL (0.3ms)[0m  [1mUPDATE `todos` SET `todos`.`todo_complete` = 0 WHERE (todo_complete is null)[0m
  [1m[35mSQL (0.4ms)[0m  UPDATE `todos` SET `todos`.`todo_urgence` = 0 WHERE (todo_complete is true AND todo_deadline < curdate() and user_id = 2)
  [1m[36mTodo Load (1.0ms)[0m  [1mSELECT `todos`.* FROM `todos`  WHERE (user_id = 2) AND (todos.todo_category<>'Personal' AND todo_urgence>0 AND (todo_urgence >= 11 OR todo_deadline = curdate()))  ORDER BY todo_complete ASC, (todo_urgence + todo_importance) DESC, todo_item ASC[0m
  [1m[35mTodo Load (0.8ms)[0m  SELECT `todos`.* FROM `todos`  WHERE (user_id = 2) AND (todos.todo_category<>'Personal' and todos.todo_deadline > curdate() and todos.todo_deadline < ADDDATE(SUBDATE(curdate(), interval DAYOFWEEK(CURDATE()) - 1 DAY), INTERVAL 1 WEEK))
  [1m[36m (0.9ms)[0m  [1mSELECT COUNT(*) FROM `todos`  WHERE (user_id = 2) AND (todos.todo_category='Personal' and (todos.todo_complete = False or todos.updated_at>=curdate() or todos.todo_complete is null))[0m
  Rendered todos/index.html.erb within layouts/application (12.7ms)
Completed 200 OK in 285ms (Views: 272.6ms | ActiveRecord: 4.5ms)


Started GET "/assets/bootstrap.css?body=1" for 127.0.0.1 at 2015-02-24 21:01:26 +0000


Started GET "/assets/pages.css?body=1" for 127.0.0.1 at 2015-02-24 21:01:26 +0000


Started GET "/assets/todos.css?body=1" for 127.0.0.1 at 2015-02-24 21:01:27 +0000


Started GET "/assets/application.css?body=1" for 127.0.0.1 at 2015-02-24 21:01:27 +0000


Started GET "/assets/jquery_ujs.js?body=1" for 127.0.0.1 at 2015-02-24 21:01:27 +0000


Started GET "/assets/jquery.js?body=1" for 127.0.0.1 at 2015-02-24 21:01:27 +0000


Started GET "/assets/turbolinks.js?body=1" for 127.0.0.1 at 2015-02-24 21:01:27 +0000


Started GET "/assets/bootstrap.js?body=1" for 127.0.0.1 at 2015-02-24 21:01:27 +0000


Started GET "/assets/pages.js?body=1" for 127.0.0.1 at 2015-02-24 21:01:27 +0000


Started GET "/assets/application.js?body=1" for 127.0.0.1 at 2015-02-24 21:01:27 +0000


Started GET "/assets/todos.js?body=1" for 127.0.0.1 at 2015-02-24 21:01:27 +0000


Started GET "/admin/index" for 127.0.0.1 at 2015-02-24 21:01:29 +0000
Processing by AdminController#index as HTML
  [1m[35mUser Load (0.8ms)[0m  SELECT  `users`.* FROM `users`  WHERE `users`.`id` = 2 LIMIT 1
  Rendered admin/index.html.erb within layouts/application (3.7ms)
Completed 500 Internal Server Error in 20ms

SyntaxError (/home/andrewrennie/RailsProjects/jarvis/app/views/admin/index.html.erb:44: syntax error, unexpected '='
...ction => "updateuser" }, class="form-group" do |f| @output_b...
...                               ^
/home/andrewrennie/RailsProjects/jarvis/app/views/admin/index.html.erb:44: syntax error, unexpected keyword_do_block, expecting keyword_end
...euser" }, class="form-group" do |f| @output_buffer.safe_appe...
...                               ^
/home/andrewrennie/RailsProjects/jarvis/app/views/admin/index.html.erb:60: syntax error, unexpected keyword_ensure, expecting end-of-input):
  app/views/admin/index.html.erb:44: syntax error, unexpected '='
  app/views/admin/index.html.erb:44: syntax error, unexpected keyword_do_block, expecting keyword_end
  app/views/admin/index.html.erb:60: syntax error, unexpected keyword_ensure, expecting end-of-input
  app/controllers/admin_controller.rb:13:in `index'


  Rendered /home/andrewrennie/.rvm/gems/ruby-2.1.5/gems/web-console-2.0.0/lib/action_dispatch/templates/rescues/_source.erb (52.6ms)
  Rendered /home/andrewrennie/.rvm/gems/ruby-2.1.5/gems/web-console-2.0.0/lib/action_dispatch/templates/rescues/_trace.html.erb (18.8ms)
  Rendered /home/andrewrennie/.rvm/gems/ruby-2.1.5/gems/web-console-2.0.0/lib/action_dispatch/templates/rescues/_request_and_response.html.erb (3.3ms)
  Rendered /home/andrewrennie/.rvm/gems/ruby-2.1.5/gems/web-console-2.0.0/lib/action_dispatch/templates/rescues/_web_console.html.erb (3.9ms)
  Rendered /home/andrewrennie/.rvm/gems/ruby-2.1.5/gems/web-console-2.0.0/lib/action_dispatch/templates/rescues/diagnostics.html.erb within rescues/layout (136.0ms)


Started GET "/admin/index" for 127.0.0.1 at 2015-02-24 21:01:31 +0000
Processing by AdminController#index as HTML
  [1m[36mUser Load (0.4ms)[0m  [1mSELECT  `users`.* FROM `users`  WHERE `users`.`id` = 2 LIMIT 1[0m
  Rendered admin/index.html.erb within layouts/application (4.6ms)
Completed 500 Internal Server Error in 19ms

SyntaxError (/home/andrewrennie/RailsProjects/jarvis/app/views/admin/index.html.erb:44: syntax error, unexpected '='
...ction => "updateuser" }, class="form-group" do |f| @output_b...
...                               ^
/home/andrewrennie/RailsProjects/jarvis/app/views/admin/index.html.erb:44: syntax error, unexpected keyword_do_block, expecting keyword_end
...euser" }, class="form-group" do |f| @output_buffer.safe_appe...
...                               ^
/home/andrewrennie/RailsProjects/jarvis/app/views/admin/index.html.erb:60: syntax error, unexpected keyword_ensure, expecting end-of-input):
  app/views/admin/index.html.erb:44: syntax error, unexpected '='
  app/views/admin/index.html.erb:44: syntax error, unexpected keyword_do_block, expecting keyword_end
  app/views/admin/index.html.erb:60: syntax error, unexpected keyword_ensure, expecting end-of-input
  app/controllers/admin_controller.rb:13:in `index'


  Rendered /home/andrewrennie/.rvm/gems/ruby-2.1.5/gems/web-console-2.0.0/lib/action_dispatch/templates/rescues/_source.erb (52.0ms)
  Rendered /home/andrewrennie/.rvm/gems/ruby-2.1.5/gems/web-console-2.0.0/lib/action_dispatch/templates/rescues/_trace.html.erb (18.4ms)
  Rendered /home/andrewrennie/.rvm/gems/ruby-2.1.5/gems/web-console-2.0.0/lib/action_dispatch/templates/rescues/_request_and_response.html.erb (3.2ms)
  Rendered /home/andrewrennie/.rvm/gems/ruby-2.1.5/gems/web-console-2.0.0/lib/action_dispatch/templates/rescues/_web_console.html.erb (4.1ms)
  Rendered /home/andrewrennie/.rvm/gems/ruby-2.1.5/gems/web-console-2.0.0/lib/action_dispatch/templates/rescues/diagnostics.html.erb within rescues/layout (135.6ms)


Started GET "/projects/index" for 127.0.0.1 at 2015-02-24 22:18:08 +0000
  [1m[36mActiveRecord::SchemaMigration Load (0.3ms)[0m  [1mSELECT `schema_migrations`.* FROM `schema_migrations`[0m
Processing by ProjectsController#index as HTML
  [1m[35mTodo Load (63.5ms)[0m  SELECT todo_project, max(todo_deadline) as project_deadline, sum(if(todo_complete=true,0,1)) as todo_item_count, round(sum(if(todo_complete=true,0,todo_timeremaining)),2) as time_remaining, 100-round(sum(if(todo_complete=true,0,todo_timeremaining))*100/sum(todo_timerequired),0) as percentage_complete FROM `todos`  WHERE (todo_project is not null and todo_project !='' AND user_id = 2) GROUP BY todo_project HAVING sum(if(todo_complete=true,0,1)) > 0
  Rendered projects/index.html.erb within layouts/application (140.1ms)
Completed 200 OK in 631ms (Views: 507.5ms | ActiveRecord: 67.5ms)


Started POST "/todos/add" for 127.0.0.1 at 2015-02-24 22:18:14 +0000
Processing by TodosController#add as HTML
  Parameters: {"utf8"=>"✓", "authenticity_token"=>"5ryuzEYqxiIuxaEdPx60Fzp3UzOToOqotBe2GiTxznA=", "todo"=>{"todo_item"=>"Test badges"}, "commit"=>"Add To Do"}
  [1m[36m (0.4ms)[0m  [1mBEGIN[0m
  [1m[35mSQL (0.9ms)[0m  INSERT INTO `todos` (`created_at`, `todo_complete`, `todo_deadline`, `todo_item`, `updated_at`, `user_id`) VALUES ('2015-02-24 22:18:14', 0, '2015-02-24', 'Test badges', '2015-02-24 22:18:14', 2)
  [1m[36m (65.8ms)[0m  [1mCOMMIT[0m
Redirected to http://localhost:3000/todos/details/1
Completed 302 Found in 82ms (ActiveRecord: 67.0ms)


Started GET "/todos/details/1" for 127.0.0.1 at 2015-02-24 22:18:15 +0000
Processing by TodosController#details as HTML
  Parameters: {"id"=>"1"}
  [1m[35mTodo Load (0.9ms)[0m  SELECT  `todos`.* FROM `todos`  WHERE `todos`.`id` = 1 LIMIT 1
  [1m[36m (0.8ms)[0m  [1mSELECT COUNT(*) FROM `todos`  WHERE (id = '1')[0m
  [1m[35mCACHE (0.1ms)[0m  SELECT  `todos`.* FROM `todos`  WHERE `todos`.`id` = 1 LIMIT 1
  Rendered todos/details.html.erb within layouts/application (66.4ms)
Completed 200 OK in 435ms (Views: 411.9ms | ActiveRecord: 1.7ms)


Started GET "/assets/bootstrap.css?body=1" for 127.0.0.1 at 2015-02-24 22:18:15 +0000


Started GET "/assets/pages.css?body=1" for 127.0.0.1 at 2015-02-24 22:18:15 +0000


Started GET "/assets/todos.css?body=1" for 127.0.0.1 at 2015-02-24 22:18:15 +0000


Started GET "/assets/application.css?body=1" for 127.0.0.1 at 2015-02-24 22:18:15 +0000


Started GET "/assets/turbolinks.js?body=1" for 127.0.0.1 at 2015-02-24 22:18:15 +0000


Started GET "/assets/jquery.js?body=1" for 127.0.0.1 at 2015-02-24 22:18:15 +0000


Started GET "/assets/jquery_ujs.js?body=1" for 127.0.0.1 at 2015-02-24 22:18:15 +0000


Started GET "/assets/bootstrap.js?body=1" for 127.0.0.1 at 2015-02-24 22:18:15 +0000


Started GET "/assets/pages.js?body=1" for 127.0.0.1 at 2015-02-24 22:18:15 +0000


Started GET "/assets/todos.js?body=1" for 127.0.0.1 at 2015-02-24 22:18:15 +0000


Started GET "/assets/application.js?body=1" for 127.0.0.1 at 2015-02-24 22:18:15 +0000


Started PATCH "/todos/updatetodo" for 127.0.0.1 at 2015-02-24 22:18:30 +0000
Processing by TodosController#updatetodo as HTML
  Parameters: {"utf8"=>"✓", "authenticity_token"=>"5ryuzEYqxiIuxaEdPx60Fzp3UzOToOqotBe2GiTxznA=", "todo"=>{"todo_id"=>"1", "todo_item"=>"Test badges", "todo_status"=>"0%", "todo_for"=>"Me", "todo_deadline"=>"2015-02-24", "todo_category"=>"Personal", "todo_project"=>"Todo List", "todo_timerequired"=>"1", "todo_importance"=>"1", "todo_recurring"=>"0", "todo_frequency"=>"", "todo_enddate"=>""}, "commit"=>"Update To Do"}
  [1m[36mTodo Load (0.4ms)[0m  [1mSELECT  `todos`.* FROM `todos`  WHERE `todos`.`id` = 1 LIMIT 1[0m
  [1m[35m (0.3ms)[0m  BEGIN
  [1m[36mSQL (32.5ms)[0m  [1mUPDATE `todos` SET `todo_category` = 'Personal', `todo_for` = 'Me', `todo_importance` = 1, `todo_project` = 'Todo List', `todo_recurring` = 0, `todo_status` = 0.0, `todo_timeremaining` = 1.0, `todo_timerequired` = 1.0, `todo_urgence` = 11.0, `updated_at` = '2015-02-24 22:18:30' WHERE `todos`.`id` = 1[0m
  [1m[35m (70.4ms)[0m  COMMIT
Redirected to http://localhost:3000/projects/index
Completed 302 Found in 118ms (ActiveRecord: 103.6ms)


Started GET "/projects/index" for 127.0.0.1 at 2015-02-24 22:18:30 +0000
Processing by ProjectsController#index as HTML
  [1m[36mTodo Load (36.9ms)[0m  [1mSELECT todo_project, max(todo_deadline) as project_deadline, sum(if(todo_complete=true,0,1)) as todo_item_count, round(sum(if(todo_complete=true,0,todo_timeremaining)),2) as time_remaining, 100-round(sum(if(todo_complete=true,0,todo_timeremaining))*100/sum(todo_timerequired),0) as percentage_complete FROM `todos`  WHERE (todo_project is not null and todo_project !='' AND user_id = 2) GROUP BY todo_project HAVING sum(if(todo_complete=true,0,1)) > 0[0m
  Rendered projects/index.html.erb within layouts/application (166.4ms)
Completed 200 OK in 408ms (Views: 366.8ms | ActiveRecord: 36.9ms)


Started GET "/assets/bootstrap.css?body=1" for 127.0.0.1 at 2015-02-24 22:18:30 +0000


Started GET "/assets/todos.css?body=1" for 127.0.0.1 at 2015-02-24 22:18:30 +0000


Started GET "/assets/pages.css?body=1" for 127.0.0.1 at 2015-02-24 22:18:30 +0000


Started GET "/assets/turbolinks.js?body=1" for 127.0.0.1 at 2015-02-24 22:18:30 +0000


Started GET "/assets/application.css?body=1" for 127.0.0.1 at 2015-02-24 22:18:30 +0000


Started GET "/assets/jquery.js?body=1" for 127.0.0.1 at 2015-02-24 22:18:30 +0000


Started GET "/assets/jquery_ujs.js?body=1" for 127.0.0.1 at 2015-02-24 22:18:30 +0000


Started GET "/assets/bootstrap.js?body=1" for 127.0.0.1 at 2015-02-24 22:18:30 +0000


Started GET "/assets/pages.js?body=1" for 127.0.0.1 at 2015-02-24 22:18:30 +0000


Started GET "/assets/application.js?body=1" for 127.0.0.1 at 2015-02-24 22:18:30 +0000


Started GET "/assets/todos.js?body=1" for 127.0.0.1 at 2015-02-24 22:18:30 +0000


Started GET "/projects/index" for 127.0.0.1 at 2015-02-24 22:19:02 +0000
Processing by ProjectsController#index as HTML
  [1m[35mTodo Load (1.1ms)[0m  SELECT todo_project, max(todo_deadline) as project_deadline, sum(if(todo_complete=true,0,1)) as todo_item_count, round(sum(if(todo_complete=true,0,todo_timeremaining)),2) as time_remaining, 100-round(sum(if(todo_complete=true,0,todo_timeremaining))*100/sum(todo_timerequired),0) as percentage_complete FROM `todos`  WHERE (todo_project is not null and todo_project !='' AND user_id = 2) GROUP BY todo_project HAVING sum(if(todo_complete=true,0,1)) > 0
  Rendered projects/index.html.erb within layouts/application (16.7ms)
Completed 200 OK in 266ms (Views: 261.6ms | ActiveRecord: 1.1ms)


Started GET "/assets/bootstrap.css?body=1" for 127.0.0.1 at 2015-02-24 22:19:02 +0000


Started GET "/assets/pages.css?body=1" for 127.0.0.1 at 2015-02-24 22:19:02 +0000


Started GET "/assets/todos.css?body=1" for 127.0.0.1 at 2015-02-24 22:19:02 +0000


Started GET "/assets/pages.js?body=1" for 127.0.0.1 at 2015-02-24 22:19:02 +0000


Started GET "/assets/todos.js?body=1" for 127.0.0.1 at 2015-02-24 22:19:02 +0000


Started GET "/assets/application.css?body=1" for 127.0.0.1 at 2015-02-24 22:19:02 +0000


Started GET "/assets/turbolinks.js?body=1" for 127.0.0.1 at 2015-02-24 22:19:02 +0000


Started GET "/assets/bootstrap.js?body=1" for 127.0.0.1 at 2015-02-24 22:19:02 +0000


Started GET "/assets/jquery_ujs.js?body=1" for 127.0.0.1 at 2015-02-24 22:19:02 +0000


Started GET "/assets/jquery.js?body=1" for 127.0.0.1 at 2015-02-24 22:19:02 +0000


Started GET "/assets/application.js?body=1" for 127.0.0.1 at 2015-02-24 22:19:02 +0000
